2023-03-03 08:29:42 error: uncaughtException: ⨯ Unable to compile TypeScript:
src/routes/user.ts(6,21): error TS1003: Identifier expected.

Error: ⨯ Unable to compile TypeScript:
src/routes/user.ts(6,21): error TS1003: Identifier expected.

    at Object.<anonymous> (/home/codad5/workspace/node/fd/src/routes/user.ts:1:7)
    at Module._compile (node:internal/modules/cjs/loader:1246:14)
    at Module._compile (/home/codad5/workspace/node/fd/node_modules/source-map-support/source-map-support.js:521:25)
    at Module.m._compile (/tmp/ts-node-dev-hook-2115985648225387.js:69:33)
    at Module._extensions..js (node:internal/modules/cjs/loader:1300:10)
    at require.extensions..jsx.require.extensions..js (/tmp/ts-node-dev-hook-2115985648225387.js:114:20)
    at require.extensions.<computed> (/tmp/ts-node-dev-hook-2115985648225387.js:71:20)
    at Object.nodeDevHook [as .ts] (/home/codad5/workspace/node/fd/node_modules/ts-node-dev/lib/hook.js:63:13)
    at Module.load (node:internal/modules/cjs/loader:1103:32)
    at Function.Module._load (node:internal/modules/cjs/loader:942:12)
2023-03-03 08:29:46 error: uncaughtException: ⨯ Unable to compile TypeScript:
src/routes/user.ts(6,21): error TS1003: Identifier expected.

Error: ⨯ Unable to compile TypeScript:
src/routes/user.ts(6,21): error TS1003: Identifier expected.

    at Object.<anonymous> (/home/codad5/workspace/node/fd/src/routes/user.ts:1:7)
    at Module._compile (node:internal/modules/cjs/loader:1246:14)
    at Module._compile (/home/codad5/workspace/node/fd/node_modules/source-map-support/source-map-support.js:521:25)
    at Module.m._compile (/tmp/ts-node-dev-hook-2115985648225387.js:69:33)
    at Module._extensions..js (node:internal/modules/cjs/loader:1300:10)
    at require.extensions..jsx.require.extensions..js (/tmp/ts-node-dev-hook-2115985648225387.js:114:20)
    at require.extensions.<computed> (/tmp/ts-node-dev-hook-2115985648225387.js:71:20)
    at Object.nodeDevHook [as .ts] (/home/codad5/workspace/node/fd/node_modules/ts-node-dev/lib/hook.js:63:13)
    at Module.load (node:internal/modules/cjs/loader:1103:32)
    at Function.Module._load (node:internal/modules/cjs/loader:942:12)
2023-03-03 08:30:26 error: uncaughtException: ⨯ Unable to compile TypeScript:
src/routes/user.ts(5,8): error TS2551: Property 'popst' does not exist on type 'Router'. Did you mean 'post'?
src/routes/user.ts(5,25): error TS7006: Parameter 'req' implicitly has an 'any' type.
src/routes/user.ts(5,30): error TS7006: Parameter 'res' implicitly has an 'any' type.

Error: ⨯ Unable to compile TypeScript:
src/routes/user.ts(5,8): error TS2551: Property 'popst' does not exist on type 'Router'. Did you mean 'post'?
src/routes/user.ts(5,25): error TS7006: Parameter 'req' implicitly has an 'any' type.
src/routes/user.ts(5,30): error TS7006: Parameter 'res' implicitly has an 'any' type.

    at Object.<anonymous> (/home/codad5/workspace/node/fd/src/routes/user.ts:1:7)
    at Module._compile (node:internal/modules/cjs/loader:1246:14)
    at Module._compile (/home/codad5/workspace/node/fd/node_modules/source-map-support/source-map-support.js:521:25)
    at Module.m._compile (/tmp/ts-node-dev-hook-2115985648225387.js:69:33)
    at Module._extensions..js (node:internal/modules/cjs/loader:1300:10)
    at require.extensions..jsx.require.extensions..js (/tmp/ts-node-dev-hook-2115985648225387.js:114:20)
    at require.extensions.<computed> (/tmp/ts-node-dev-hook-2115985648225387.js:71:20)
    at Object.nodeDevHook [as .ts] (/home/codad5/workspace/node/fd/node_modules/ts-node-dev/lib/hook.js:63:13)
    at Module.load (node:internal/modules/cjs/loader:1103:32)
    at Function.Module._load (node:internal/modules/cjs/loader:942:12)
2023-03-03 08:32:41 error: uncaughtException: ⨯ Unable to compile TypeScript:
src/routes/user.ts(10,8): error TS2339: Property 'signup' does not exist on type 'Router'.

Error: ⨯ Unable to compile TypeScript:
src/routes/user.ts(10,8): error TS2339: Property 'signup' does not exist on type 'Router'.

    at Object.<anonymous> (/home/codad5/workspace/node/fd/src/routes/user.ts:1:7)
    at Module._compile (node:internal/modules/cjs/loader:1246:14)
    at Module._compile (/home/codad5/workspace/node/fd/node_modules/source-map-support/source-map-support.js:521:25)
    at Module.m._compile (/tmp/ts-node-dev-hook-2115985648225387.js:69:33)
    at Module._extensions..js (node:internal/modules/cjs/loader:1300:10)
    at require.extensions..jsx.require.extensions..js (/tmp/ts-node-dev-hook-2115985648225387.js:114:20)
    at require.extensions.<computed> (/tmp/ts-node-dev-hook-2115985648225387.js:71:20)
    at Object.nodeDevHook [as .ts] (/home/codad5/workspace/node/fd/node_modules/ts-node-dev/lib/hook.js:63:13)
    at Module.load (node:internal/modules/cjs/loader:1103:32)
    at Function.Module._load (node:internal/modules/cjs/loader:942:12)
2023-03-03 08:32:50 error: uncaughtException: ⨯ Unable to compile TypeScript:
src/routes/user.ts(10,8): error TS2339: Property 'signup' does not exist on type 'Router'.

Error: ⨯ Unable to compile TypeScript:
src/routes/user.ts(10,8): error TS2339: Property 'signup' does not exist on type 'Router'.

    at Object.<anonymous> (/home/codad5/workspace/node/fd/src/routes/user.ts:1:7)
    at Module._compile (node:internal/modules/cjs/loader:1246:14)
    at Module._compile (/home/codad5/workspace/node/fd/node_modules/source-map-support/source-map-support.js:521:25)
    at Module.m._compile (/tmp/ts-node-dev-hook-2115985648225387.js:69:33)
    at Module._extensions..js (node:internal/modules/cjs/loader:1300:10)
    at require.extensions..jsx.require.extensions..js (/tmp/ts-node-dev-hook-2115985648225387.js:114:20)
    at require.extensions.<computed> (/tmp/ts-node-dev-hook-2115985648225387.js:71:20)
    at Object.nodeDevHook [as .ts] (/home/codad5/workspace/node/fd/node_modules/ts-node-dev/lib/hook.js:63:13)
    at Module.load (node:internal/modules/cjs/loader:1103:32)
    at Function.Module._load (node:internal/modules/cjs/loader:942:12)
2023-03-03 08:33:03 error: uncaughtException: ⨯ Unable to compile TypeScript:
src/routes/user.ts(10,8): error TS2339: Property 'signup' does not exist on type 'Router'.
src/routes/user.ts(10,27): error TS7006: Parameter 'req' implicitly has an 'any' type.
src/routes/user.ts(10,32): error TS7006: Parameter 'res' implicitly has an 'any' type.

Error: ⨯ Unable to compile TypeScript:
src/routes/user.ts(10,8): error TS2339: Property 'signup' does not exist on type 'Router'.
src/routes/user.ts(10,27): error TS7006: Parameter 'req' implicitly has an 'any' type.
src/routes/user.ts(10,32): error TS7006: Parameter 'res' implicitly has an 'any' type.

    at Object.<anonymous> (/home/codad5/workspace/node/fd/src/routes/user.ts:1:7)
    at Module._compile (node:internal/modules/cjs/loader:1246:14)
    at Module._compile (/home/codad5/workspace/node/fd/node_modules/source-map-support/source-map-support.js:521:25)
    at Module.m._compile (/tmp/ts-node-dev-hook-2115985648225387.js:69:33)
    at Module._extensions..js (node:internal/modules/cjs/loader:1300:10)
    at require.extensions..jsx.require.extensions..js (/tmp/ts-node-dev-hook-2115985648225387.js:114:20)
    at require.extensions.<computed> (/tmp/ts-node-dev-hook-2115985648225387.js:71:20)
    at Object.nodeDevHook [as .ts] (/home/codad5/workspace/node/fd/node_modules/ts-node-dev/lib/hook.js:63:13)
    at Module.load (node:internal/modules/cjs/loader:1103:32)
    at Function.Module._load (node:internal/modules/cjs/loader:942:12)
2023-03-03 08:33:14 error: uncaughtException: ⨯ Unable to compile TypeScript:
src/routes/user.ts(11,10): error TS1123: Variable declaration list cannot be empty.

Error: ⨯ Unable to compile TypeScript:
src/routes/user.ts(11,10): error TS1123: Variable declaration list cannot be empty.

    at Object.<anonymous> (/home/codad5/workspace/node/fd/src/routes/user.ts:1:7)
    at Module._compile (node:internal/modules/cjs/loader:1246:14)
    at Module._compile (/home/codad5/workspace/node/fd/node_modules/source-map-support/source-map-support.js:521:25)
    at Module.m._compile (/tmp/ts-node-dev-hook-2115985648225387.js:69:33)
    at Module._extensions..js (node:internal/modules/cjs/loader:1300:10)
    at require.extensions..jsx.require.extensions..js (/tmp/ts-node-dev-hook-2115985648225387.js:114:20)
    at require.extensions.<computed> (/tmp/ts-node-dev-hook-2115985648225387.js:71:20)
    at Object.nodeDevHook [as .ts] (/home/codad5/workspace/node/fd/node_modules/ts-node-dev/lib/hook.js:63:13)
    at Module.load (node:internal/modules/cjs/loader:1103:32)
    at Function.Module._load (node:internal/modules/cjs/loader:942:12)
2023-03-03 07:53:31 error: uncaughtException: ⨯ Unable to compile TypeScript:
src/routes/user.ts(13,84): error TS2345: Argument of type '{ message: string; }' is not assignable to parameter of type 'ResponseData'.
  Property 'errorcode' is missing in type '{ message: string; }' but required in type 'ServerErrorResponse'.

Error: ⨯ Unable to compile TypeScript:
src/routes/user.ts(13,84): error TS2345: Argument of type '{ message: string; }' is not assignable to parameter of type 'ResponseData'.
  Property 'errorcode' is missing in type '{ message: string; }' but required in type 'ServerErrorResponse'.

    at Object.<anonymous> (/home/codad5/workspace/node/fd/src/routes/user.ts:1:7)
    at Module._compile (node:internal/modules/cjs/loader:1246:14)
    at Module._compile (/home/codad5/workspace/node/fd/node_modules/source-map-support/source-map-support.js:521:25)
    at Module.m._compile (/tmp/ts-node-dev-hook-354426645520433.js:69:33)
    at Module._extensions..js (node:internal/modules/cjs/loader:1300:10)
    at require.extensions..jsx.require.extensions..js (/tmp/ts-node-dev-hook-354426645520433.js:114:20)
    at require.extensions.<computed> (/tmp/ts-node-dev-hook-354426645520433.js:71:20)
    at Object.nodeDevHook [as .ts] (/home/codad5/workspace/node/fd/node_modules/ts-node-dev/lib/hook.js:63:13)
    at Module.load (node:internal/modules/cjs/loader:1103:32)
    at Function.Module._load (node:internal/modules/cjs/loader:942:12)
2023-03-03 07:53:43 error: uncaughtException: ⨯ Unable to compile TypeScript:
src/routes/user.ts(13,84): error TS2345: Argument of type '{ message: string; }' is not assignable to parameter of type 'ResponseData'.
  Property 'errorcode' is missing in type '{ message: string; }' but required in type 'ServerErrorResponse'.

Error: ⨯ Unable to compile TypeScript:
src/routes/user.ts(13,84): error TS2345: Argument of type '{ message: string; }' is not assignable to parameter of type 'ResponseData'.
  Property 'errorcode' is missing in type '{ message: string; }' but required in type 'ServerErrorResponse'.

    at Object.<anonymous> (/home/codad5/workspace/node/fd/src/routes/user.ts:1:7)
    at Module._compile (node:internal/modules/cjs/loader:1246:14)
    at Module._compile (/home/codad5/workspace/node/fd/node_modules/source-map-support/source-map-support.js:521:25)
    at Module.m._compile (/tmp/ts-node-dev-hook-354426645520433.js:69:33)
    at Module._extensions..js (node:internal/modules/cjs/loader:1300:10)
    at require.extensions..jsx.require.extensions..js (/tmp/ts-node-dev-hook-354426645520433.js:114:20)
    at require.extensions.<computed> (/tmp/ts-node-dev-hook-354426645520433.js:71:20)
    at Object.nodeDevHook [as .ts] (/home/codad5/workspace/node/fd/node_modules/ts-node-dev/lib/hook.js:63:13)
    at Module.load (node:internal/modules/cjs/loader:1103:32)
    at Function.Module._load (node:internal/modules/cjs/loader:942:12)
2023-03-03 07:53:47 error: uncaughtException: ⨯ Unable to compile TypeScript:
src/routes/user.ts(13,84): error TS2345: Argument of type '{ message: string; }' is not assignable to parameter of type 'ResponseData'.
  Property 'errorcode' is missing in type '{ message: string; }' but required in type 'ServerErrorResponse'.

Error: ⨯ Unable to compile TypeScript:
src/routes/user.ts(13,84): error TS2345: Argument of type '{ message: string; }' is not assignable to parameter of type 'ResponseData'.
  Property 'errorcode' is missing in type '{ message: string; }' but required in type 'ServerErrorResponse'.

    at Object.<anonymous> (/home/codad5/workspace/node/fd/src/routes/user.ts:1:7)
    at Module._compile (node:internal/modules/cjs/loader:1246:14)
    at Module._compile (/home/codad5/workspace/node/fd/node_modules/source-map-support/source-map-support.js:521:25)
    at Module.m._compile (/tmp/ts-node-dev-hook-354426645520433.js:69:33)
    at Module._extensions..js (node:internal/modules/cjs/loader:1300:10)
    at require.extensions..jsx.require.extensions..js (/tmp/ts-node-dev-hook-354426645520433.js:114:20)
    at require.extensions.<computed> (/tmp/ts-node-dev-hook-354426645520433.js:71:20)
    at Object.nodeDevHook [as .ts] (/home/codad5/workspace/node/fd/node_modules/ts-node-dev/lib/hook.js:63:13)
    at Module.load (node:internal/modules/cjs/loader:1103:32)
    at Function.Module._load (node:internal/modules/cjs/loader:942:12)
2023-03-03 07:53:51 error: uncaughtException: ⨯ Unable to compile TypeScript:
src/routes/user.ts(15,9): error TS18004: No value exists in scope for the shorthand property 'errorcode'. Either declare one or provide an initializer.

Error: ⨯ Unable to compile TypeScript:
src/routes/user.ts(15,9): error TS18004: No value exists in scope for the shorthand property 'errorcode'. Either declare one or provide an initializer.

    at Object.<anonymous> (/home/codad5/workspace/node/fd/src/routes/user.ts:1:7)
    at Module._compile (node:internal/modules/cjs/loader:1246:14)
    at Module._compile (/home/codad5/workspace/node/fd/node_modules/source-map-support/source-map-support.js:521:25)
    at Module.m._compile (/tmp/ts-node-dev-hook-354426645520433.js:69:33)
    at Module._extensions..js (node:internal/modules/cjs/loader:1300:10)
    at require.extensions..jsx.require.extensions..js (/tmp/ts-node-dev-hook-354426645520433.js:114:20)
    at require.extensions.<computed> (/tmp/ts-node-dev-hook-354426645520433.js:71:20)
    at Object.nodeDevHook [as .ts] (/home/codad5/workspace/node/fd/node_modules/ts-node-dev/lib/hook.js:63:13)
    at Module.load (node:internal/modules/cjs/loader:1103:32)
    at Function.Module._load (node:internal/modules/cjs/loader:942:12)
2023-03-03 07:53:59 error: uncaughtException: ⨯ Unable to compile TypeScript:
src/routes/user.ts(16,5): error TS1109: Expression expected.

Error: ⨯ Unable to compile TypeScript:
src/routes/user.ts(16,5): error TS1109: Expression expected.

    at Object.<anonymous> (/home/codad5/workspace/node/fd/src/routes/user.ts:1:7)
    at Module._compile (node:internal/modules/cjs/loader:1246:14)
    at Module._compile (/home/codad5/workspace/node/fd/node_modules/source-map-support/source-map-support.js:521:25)
    at Module.m._compile (/tmp/ts-node-dev-hook-354426645520433.js:69:33)
    at Module._extensions..js (node:internal/modules/cjs/loader:1300:10)
    at require.extensions..jsx.require.extensions..js (/tmp/ts-node-dev-hook-354426645520433.js:114:20)
    at require.extensions.<computed> (/tmp/ts-node-dev-hook-354426645520433.js:71:20)
    at Object.nodeDevHook [as .ts] (/home/codad5/workspace/node/fd/node_modules/ts-node-dev/lib/hook.js:63:13)
    at Module.load (node:internal/modules/cjs/loader:1103:32)
    at Function.Module._load (node:internal/modules/cjs/loader:942:12)
2023-03-03 08:09:08 error: uncaughtException: Cannot find module '@utils/responseHandler'
Require stack:
- /home/codad5/workspace/node/fd/src/routes/user.ts
- /home/codad5/workspace/node/fd/src/server.ts
Error: Cannot find module '@utils/responseHandler'
Require stack:
- /home/codad5/workspace/node/fd/src/routes/user.ts
- /home/codad5/workspace/node/fd/src/server.ts
    at Function.Module._resolveFilename (node:internal/modules/cjs/loader:1060:15)
    at Function.Module._load (node:internal/modules/cjs/loader:905:27)
    at Module.require (node:internal/modules/cjs/loader:1127:19)
    at require (node:internal/modules/helpers:112:18)
    at Object.<anonymous> (/home/codad5/workspace/node/fd/src/routes/user.ts:1:1)
    at Module._compile (node:internal/modules/cjs/loader:1246:14)
    at Module._compile (/home/codad5/workspace/node/fd/node_modules/source-map-support/source-map-support.js:521:25)
    at Module.m._compile (/tmp/ts-node-dev-hook-6491707525893233.js:69:33)
    at Module._extensions..js (node:internal/modules/cjs/loader:1300:10)
    at require.extensions..jsx.require.extensions..js (/tmp/ts-node-dev-hook-6491707525893233.js:114:20)
2023-03-03 08:09:48 error: uncaughtException: ⨯ Unable to compile TypeScript:
src/routes/user.ts(13,8): error TS1109: Expression expected.

Error: ⨯ Unable to compile TypeScript:
src/routes/user.ts(13,8): error TS1109: Expression expected.

    at Object.<anonymous> (/home/codad5/workspace/node/fd/src/routes/user.ts:1:7)
    at Module._compile (node:internal/modules/cjs/loader:1246:14)
    at Module._compile (/home/codad5/workspace/node/fd/node_modules/source-map-support/source-map-support.js:521:25)
    at Module.m._compile (/tmp/ts-node-dev-hook-6491707525893233.js:69:33)
    at Module._extensions..js (node:internal/modules/cjs/loader:1300:10)
    at require.extensions..jsx.require.extensions..js (/tmp/ts-node-dev-hook-6491707525893233.js:114:20)
    at require.extensions.<computed> (/tmp/ts-node-dev-hook-6491707525893233.js:71:20)
    at Object.nodeDevHook [as .ts] (/home/codad5/workspace/node/fd/node_modules/ts-node-dev/lib/hook.js:63:13)
    at Module.load (node:internal/modules/cjs/loader:1103:32)
    at Function.Module._load (node:internal/modules/cjs/loader:942:12)
2023-03-03 08:10:00 error: uncaughtException: ⨯ Unable to compile TypeScript:
src/routes/user.ts(13,8): error TS2362: The left-hand side of an arithmetic operation must be of type 'any', 'number', 'bigint' or an enum type.
src/routes/user.ts(13,14): error TS1109: Expression expected.

Error: ⨯ Unable to compile TypeScript:
src/routes/user.ts(13,8): error TS2362: The left-hand side of an arithmetic operation must be of type 'any', 'number', 'bigint' or an enum type.
src/routes/user.ts(13,14): error TS1109: Expression expected.

    at Object.<anonymous> (/home/codad5/workspace/node/fd/src/routes/user.ts:1:7)
    at Module._compile (node:internal/modules/cjs/loader:1246:14)
    at Module._compile (/home/codad5/workspace/node/fd/node_modules/source-map-support/source-map-support.js:521:25)
    at Module.m._compile (/tmp/ts-node-dev-hook-6491707525893233.js:69:33)
    at Module._extensions..js (node:internal/modules/cjs/loader:1300:10)
    at require.extensions..jsx.require.extensions..js (/tmp/ts-node-dev-hook-6491707525893233.js:114:20)
    at require.extensions.<computed> (/tmp/ts-node-dev-hook-6491707525893233.js:71:20)
    at Object.nodeDevHook [as .ts] (/home/codad5/workspace/node/fd/node_modules/ts-node-dev/lib/hook.js:63:13)
    at Module.load (node:internal/modules/cjs/loader:1103:32)
    at Function.Module._load (node:internal/modules/cjs/loader:942:12)
2023-03-03 08:10:06 error: uncaughtException: ⨯ Unable to compile TypeScript:
src/routes/user.ts(13,18): error TS2304: Cannot find name 'p'.

Error: ⨯ Unable to compile TypeScript:
src/routes/user.ts(13,18): error TS2304: Cannot find name 'p'.

    at Object.<anonymous> (/home/codad5/workspace/node/fd/src/routes/user.ts:1:7)
    at Module._compile (node:internal/modules/cjs/loader:1246:14)
    at Module._compile (/home/codad5/workspace/node/fd/node_modules/source-map-support/source-map-support.js:521:25)
    at Module.m._compile (/tmp/ts-node-dev-hook-6491707525893233.js:69:33)
    at Module._extensions..js (node:internal/modules/cjs/loader:1300:10)
    at require.extensions..jsx.require.extensions..js (/tmp/ts-node-dev-hook-6491707525893233.js:114:20)
    at require.extensions.<computed> (/tmp/ts-node-dev-hook-6491707525893233.js:71:20)
    at Object.nodeDevHook [as .ts] (/home/codad5/workspace/node/fd/node_modules/ts-node-dev/lib/hook.js:63:13)
    at Module.load (node:internal/modules/cjs/loader:1103:32)
    at Function.Module._load (node:internal/modules/cjs/loader:942:12)
2023-03-03 08:10:10 error: uncaughtException: ⨯ Unable to compile TypeScript:
src/routes/user.ts(13,17): error TS2362: The left-hand side of an arithmetic operation must be of type 'any', 'number', 'bigint' or an enum type.
src/routes/user.ts(13,25): error TS1109: Expression expected.

Error: ⨯ Unable to compile TypeScript:
src/routes/user.ts(13,17): error TS2362: The left-hand side of an arithmetic operation must be of type 'any', 'number', 'bigint' or an enum type.
src/routes/user.ts(13,25): error TS1109: Expression expected.

    at Object.<anonymous> (/home/codad5/workspace/node/fd/src/routes/user.ts:1:7)
    at Module._compile (node:internal/modules/cjs/loader:1246:14)
    at Module._compile (/home/codad5/workspace/node/fd/node_modules/source-map-support/source-map-support.js:521:25)
    at Module.m._compile (/tmp/ts-node-dev-hook-6491707525893233.js:69:33)
    at Module._extensions..js (node:internal/modules/cjs/loader:1300:10)
    at require.extensions..jsx.require.extensions..js (/tmp/ts-node-dev-hook-6491707525893233.js:114:20)
    at require.extensions.<computed> (/tmp/ts-node-dev-hook-6491707525893233.js:71:20)
    at Object.nodeDevHook [as .ts] (/home/codad5/workspace/node/fd/node_modules/ts-node-dev/lib/hook.js:63:13)
    at Module.load (node:internal/modules/cjs/loader:1103:32)
    at Function.Module._load (node:internal/modules/cjs/loader:942:12)
2023-03-03 08:10:14 error: uncaughtException: ⨯ Unable to compile TypeScript:
src/routes/user.ts(13,17): error TS2447: The '|' operator is not allowed for boolean types. Consider using '||' instead.

Error: ⨯ Unable to compile TypeScript:
src/routes/user.ts(13,17): error TS2447: The '|' operator is not allowed for boolean types. Consider using '||' instead.

    at Object.<anonymous> (/home/codad5/workspace/node/fd/src/routes/user.ts:1:7)
    at Module._compile (node:internal/modules/cjs/loader:1246:14)
    at Module._compile (/home/codad5/workspace/node/fd/node_modules/source-map-support/source-map-support.js:521:25)
    at Module.m._compile (/tmp/ts-node-dev-hook-6491707525893233.js:69:33)
    at Module._extensions..js (node:internal/modules/cjs/loader:1300:10)
    at require.extensions..jsx.require.extensions..js (/tmp/ts-node-dev-hook-6491707525893233.js:114:20)
    at require.extensions.<computed> (/tmp/ts-node-dev-hook-6491707525893233.js:71:20)
    at Object.nodeDevHook [as .ts] (/home/codad5/workspace/node/fd/node_modules/ts-node-dev/lib/hook.js:63:13)
    at Module.load (node:internal/modules/cjs/loader:1103:32)
    at Function.Module._load (node:internal/modules/cjs/loader:942:12)
2023-03-03 08:10:20 error: uncaughtException: ⨯ Unable to compile TypeScript:
src/routes/user.ts(13,17): error TS2447: The '|' operator is not allowed for boolean types. Consider using '||' instead.
src/routes/user.ts(13,40): error TS2304: Cannot find name 'commandOptions'.

Error: ⨯ Unable to compile TypeScript:
src/routes/user.ts(13,17): error TS2447: The '|' operator is not allowed for boolean types. Consider using '||' instead.
src/routes/user.ts(13,40): error TS2304: Cannot find name 'commandOptions'.

    at Object.<anonymous> (/home/codad5/workspace/node/fd/src/routes/user.ts:1:7)
    at Module._compile (node:internal/modules/cjs/loader:1246:14)
    at Module._compile (/home/codad5/workspace/node/fd/node_modules/source-map-support/source-map-support.js:521:25)
    at Module.m._compile (/tmp/ts-node-dev-hook-6491707525893233.js:69:33)
    at Module._extensions..js (node:internal/modules/cjs/loader:1300:10)
    at require.extensions..jsx.require.extensions..js (/tmp/ts-node-dev-hook-6491707525893233.js:114:20)
    at require.extensions.<computed> (/tmp/ts-node-dev-hook-6491707525893233.js:71:20)
    at Object.nodeDevHook [as .ts] (/home/codad5/workspace/node/fd/node_modules/ts-node-dev/lib/hook.js:63:13)
    at Module.load (node:internal/modules/cjs/loader:1103:32)
    at Function.Module._load (node:internal/modules/cjs/loader:942:12)
2023-03-03 08:10:23 error: uncaughtException: ⨯ Unable to compile TypeScript:
src/routes/user.ts(13,17): error TS2447: The '|' operator is not allowed for boolean types. Consider using '||' instead.

Error: ⨯ Unable to compile TypeScript:
src/routes/user.ts(13,17): error TS2447: The '|' operator is not allowed for boolean types. Consider using '||' instead.

    at Object.<anonymous> (/home/codad5/workspace/node/fd/src/routes/user.ts:1:7)
    at Module._compile (node:internal/modules/cjs/loader:1246:14)
    at Module._compile (/home/codad5/workspace/node/fd/node_modules/source-map-support/source-map-support.js:521:25)
    at Module.m._compile (/tmp/ts-node-dev-hook-6491707525893233.js:69:33)
    at Module._extensions..js (node:internal/modules/cjs/loader:1300:10)
    at require.extensions..jsx.require.extensions..js (/tmp/ts-node-dev-hook-6491707525893233.js:114:20)
    at require.extensions.<computed> (/tmp/ts-node-dev-hook-6491707525893233.js:71:20)
    at Object.nodeDevHook [as .ts] (/home/codad5/workspace/node/fd/node_modules/ts-node-dev/lib/hook.js:63:13)
    at Module.load (node:internal/modules/cjs/loader:1103:32)
    at Function.Module._load (node:internal/modules/cjs/loader:942:12)
2023-03-03 08:10:56 error: uncaughtException: ⨯ Unable to compile TypeScript:
src/routes/user.ts(17,53): error TS2322: Type '""' is not assignable to type '"name" | "phone" | "password" | "email" | "confirmpassowrd"'.

Error: ⨯ Unable to compile TypeScript:
src/routes/user.ts(17,53): error TS2322: Type '""' is not assignable to type '"name" | "phone" | "password" | "email" | "confirmpassowrd"'.

    at Object.<anonymous> (/home/codad5/workspace/node/fd/src/routes/user.ts:1:7)
    at Module._compile (node:internal/modules/cjs/loader:1246:14)
    at Module._compile (/home/codad5/workspace/node/fd/node_modules/source-map-support/source-map-support.js:521:25)
    at Module.m._compile (/tmp/ts-node-dev-hook-6491707525893233.js:69:33)
    at Module._extensions..js (node:internal/modules/cjs/loader:1300:10)
    at require.extensions..jsx.require.extensions..js (/tmp/ts-node-dev-hook-6491707525893233.js:114:20)
    at require.extensions.<computed> (/tmp/ts-node-dev-hook-6491707525893233.js:71:20)
    at Object.nodeDevHook [as .ts] (/home/codad5/workspace/node/fd/node_modules/ts-node-dev/lib/hook.js:63:13)
    at Module.load (node:internal/modules/cjs/loader:1103:32)
    at Function.Module._load (node:internal/modules/cjs/loader:942:12)
2023-03-03 08:11:01 error: uncaughtException: ⨯ Unable to compile TypeScript:
src/routes/user.ts(17,62): error TS2322: Type '""' is not assignable to type '"name" | "phone" | "password" | "email" | "confirmpassowrd"'.

Error: ⨯ Unable to compile TypeScript:
src/routes/user.ts(17,62): error TS2322: Type '""' is not assignable to type '"name" | "phone" | "password" | "email" | "confirmpassowrd"'.

    at Object.<anonymous> (/home/codad5/workspace/node/fd/src/routes/user.ts:1:7)
    at Module._compile (node:internal/modules/cjs/loader:1246:14)
    at Module._compile (/home/codad5/workspace/node/fd/node_modules/source-map-support/source-map-support.js:521:25)
    at Module.m._compile (/tmp/ts-node-dev-hook-6491707525893233.js:69:33)
    at Module._extensions..js (node:internal/modules/cjs/loader:1300:10)
    at require.extensions..jsx.require.extensions..js (/tmp/ts-node-dev-hook-6491707525893233.js:114:20)
    at require.extensions.<computed> (/tmp/ts-node-dev-hook-6491707525893233.js:71:20)
    at Object.nodeDevHook [as .ts] (/home/codad5/workspace/node/fd/node_modules/ts-node-dev/lib/hook.js:63:13)
    at Module.load (node:internal/modules/cjs/loader:1103:32)
    at Function.Module._load (node:internal/modules/cjs/loader:942:12)
2023-03-03 08:22:09 error: uncaughtException: ⨯ Unable to compile TypeScript:
src/routes/user.ts(22,5): error TS2304: Cannot find name 'cons'.

Error: ⨯ Unable to compile TypeScript:
src/routes/user.ts(22,5): error TS2304: Cannot find name 'cons'.

    at Object.<anonymous> (/home/codad5/workspace/node/fd/src/routes/user.ts:1:7)
    at Module._compile (node:internal/modules/cjs/loader:1246:14)
    at Module._compile (/home/codad5/workspace/node/fd/node_modules/source-map-support/source-map-support.js:521:25)
    at Module.m._compile (/tmp/ts-node-dev-hook-6491707525893233.js:69:33)
    at Module._extensions..js (node:internal/modules/cjs/loader:1300:10)
    at require.extensions..jsx.require.extensions..js (/tmp/ts-node-dev-hook-6491707525893233.js:114:20)
    at require.extensions.<computed> (/tmp/ts-node-dev-hook-6491707525893233.js:71:20)
    at Object.nodeDevHook [as .ts] (/home/codad5/workspace/node/fd/node_modules/ts-node-dev/lib/hook.js:63:13)
    at Module.load (node:internal/modules/cjs/loader:1103:32)
    at Function.Module._load (node:internal/modules/cjs/loader:942:12)
2023-03-03 08:22:14 error: uncaughtException: ⨯ Unable to compile TypeScript:
src/routes/user.ts(22,11): error TS1155: 'const' declarations must be initialized.
src/routes/user.ts(22,11): error TS7005: Variable 'sign' implicitly has an 'any' type.

Error: ⨯ Unable to compile TypeScript:
src/routes/user.ts(22,11): error TS1155: 'const' declarations must be initialized.
src/routes/user.ts(22,11): error TS7005: Variable 'sign' implicitly has an 'any' type.

    at Object.<anonymous> (/home/codad5/workspace/node/fd/src/routes/user.ts:1:7)
    at Module._compile (node:internal/modules/cjs/loader:1246:14)
    at Module._compile (/home/codad5/workspace/node/fd/node_modules/source-map-support/source-map-support.js:521:25)
    at Module.m._compile (/tmp/ts-node-dev-hook-6491707525893233.js:69:33)
    at Module._extensions..js (node:internal/modules/cjs/loader:1300:10)
    at require.extensions..jsx.require.extensions..js (/tmp/ts-node-dev-hook-6491707525893233.js:114:20)
    at require.extensions.<computed> (/tmp/ts-node-dev-hook-6491707525893233.js:71:20)
    at Object.nodeDevHook [as .ts] (/home/codad5/workspace/node/fd/node_modules/ts-node-dev/lib/hook.js:63:13)
    at Module.load (node:internal/modules/cjs/loader:1103:32)
    at Function.Module._load (node:internal/modules/cjs/loader:942:12)
2023-03-03 08:22:18 error: uncaughtException: ⨯ Unable to compile TypeScript:
src/routes/user.ts(25,1): error TS1109: Expression expected.

Error: ⨯ Unable to compile TypeScript:
src/routes/user.ts(25,1): error TS1109: Expression expected.

    at Object.<anonymous> (/home/codad5/workspace/node/fd/src/routes/user.ts:1:7)
    at Module._compile (node:internal/modules/cjs/loader:1246:14)
    at Module._compile (/home/codad5/workspace/node/fd/node_modules/source-map-support/source-map-support.js:521:25)
    at Module.m._compile (/tmp/ts-node-dev-hook-6491707525893233.js:69:33)
    at Module._extensions..js (node:internal/modules/cjs/loader:1300:10)
    at require.extensions..jsx.require.extensions..js (/tmp/ts-node-dev-hook-6491707525893233.js:114:20)
    at require.extensions.<computed> (/tmp/ts-node-dev-hook-6491707525893233.js:71:20)
    at Object.nodeDevHook [as .ts] (/home/codad5/workspace/node/fd/node_modules/ts-node-dev/lib/hook.js:63:13)
    at Module.load (node:internal/modules/cjs/loader:1103:32)
    at Function.Module._load (node:internal/modules/cjs/loader:942:12)
2023-03-03 08:22:21 error: uncaughtException: ⨯ Unable to compile TypeScript:
src/routes/user.ts(22,34): error TS2304: Cannot find name 'ValidateFields'.

Error: ⨯ Unable to compile TypeScript:
src/routes/user.ts(22,34): error TS2304: Cannot find name 'ValidateFields'.

    at Object.<anonymous> (/home/codad5/workspace/node/fd/src/routes/user.ts:1:7)
    at Module._compile (node:internal/modules/cjs/loader:1246:14)
    at Module._compile (/home/codad5/workspace/node/fd/node_modules/source-map-support/source-map-support.js:521:25)
    at Module.m._compile (/tmp/ts-node-dev-hook-6491707525893233.js:69:33)
    at Module._extensions..js (node:internal/modules/cjs/loader:1300:10)
    at require.extensions..jsx.require.extensions..js (/tmp/ts-node-dev-hook-6491707525893233.js:114:20)
    at require.extensions.<computed> (/tmp/ts-node-dev-hook-6491707525893233.js:71:20)
    at Object.nodeDevHook [as .ts] (/home/codad5/workspace/node/fd/node_modules/ts-node-dev/lib/hook.js:63:13)
    at Module.load (node:internal/modules/cjs/loader:1103:32)
    at Function.Module._load (node:internal/modules/cjs/loader:942:12)
2023-03-03 08:22:28 error: uncaughtException: ⨯ Unable to compile TypeScript:
src/routes/user.ts(23,11): error TS7022: 'SignupController' implicitly has type 'any' because it does not have a type annotation and is referenced directly or indirectly in its own initializer.
src/routes/user.ts(23,34): error TS2448: Block-scoped variable 'SignupController' used before its declaration.

Error: ⨯ Unable to compile TypeScript:
src/routes/user.ts(23,11): error TS7022: 'SignupController' implicitly has type 'any' because it does not have a type annotation and is referenced directly or indirectly in its own initializer.
src/routes/user.ts(23,34): error TS2448: Block-scoped variable 'SignupController' used before its declaration.

    at Object.<anonymous> (/home/codad5/workspace/node/fd/src/routes/user.ts:1:7)
    at Module._compile (node:internal/modules/cjs/loader:1246:14)
    at Module._compile (/home/codad5/workspace/node/fd/node_modules/source-map-support/source-map-support.js:521:25)
    at Module.m._compile (/tmp/ts-node-dev-hook-6491707525893233.js:69:33)
    at Module._extensions..js (node:internal/modules/cjs/loader:1300:10)
    at require.extensions..jsx.require.extensions..js (/tmp/ts-node-dev-hook-6491707525893233.js:114:20)
    at require.extensions.<computed> (/tmp/ts-node-dev-hook-6491707525893233.js:71:20)
    at Object.nodeDevHook [as .ts] (/home/codad5/workspace/node/fd/node_modules/ts-node-dev/lib/hook.js:63:13)
    at Module.load (node:internal/modules/cjs/loader:1103:32)
    at Function.Module._load (node:internal/modules/cjs/loader:942:12)
2023-03-03 08:22:33 error: uncaughtException: Cannot find module 'src/controllers/signup'
Require stack:
- /home/codad5/workspace/node/fd/src/routes/user.ts
- /home/codad5/workspace/node/fd/src/server.ts
Error: Cannot find module 'src/controllers/signup'
Require stack:
- /home/codad5/workspace/node/fd/src/routes/user.ts
- /home/codad5/workspace/node/fd/src/server.ts
    at Function.Module._resolveFilename (node:internal/modules/cjs/loader:1060:15)
    at Function.Module._load (node:internal/modules/cjs/loader:905:27)
    at Module.require (node:internal/modules/cjs/loader:1127:19)
    at require (node:internal/modules/helpers:112:18)
    at Object.<anonymous> (/home/codad5/workspace/node/fd/src/routes/user.ts:3:1)
    at Module._compile (node:internal/modules/cjs/loader:1246:14)
    at Module._compile (/home/codad5/workspace/node/fd/node_modules/source-map-support/source-map-support.js:521:25)
    at Module.m._compile (/tmp/ts-node-dev-hook-6491707525893233.js:69:33)
    at Module._extensions..js (node:internal/modules/cjs/loader:1300:10)
    at require.extensions..jsx.require.extensions..js (/tmp/ts-node-dev-hook-6491707525893233.js:114:20)
2023-03-03 08:22:37 error: uncaughtException: Cannot find module 'src/controllers/signup'
Require stack:
- /home/codad5/workspace/node/fd/src/routes/user.ts
- /home/codad5/workspace/node/fd/src/server.ts
Error: Cannot find module 'src/controllers/signup'
Require stack:
- /home/codad5/workspace/node/fd/src/routes/user.ts
- /home/codad5/workspace/node/fd/src/server.ts
    at Function.Module._resolveFilename (node:internal/modules/cjs/loader:1060:15)
    at Function.Module._load (node:internal/modules/cjs/loader:905:27)
    at Module.require (node:internal/modules/cjs/loader:1127:19)
    at require (node:internal/modules/helpers:112:18)
    at Object.<anonymous> (/home/codad5/workspace/node/fd/src/routes/user.ts:3:1)
    at Module._compile (node:internal/modules/cjs/loader:1246:14)
    at Module._compile (/home/codad5/workspace/node/fd/node_modules/source-map-support/source-map-support.js:521:25)
    at Module.m._compile (/tmp/ts-node-dev-hook-6491707525893233.js:69:33)
    at Module._extensions..js (node:internal/modules/cjs/loader:1300:10)
    at require.extensions..jsx.require.extensions..js (/tmp/ts-node-dev-hook-6491707525893233.js:114:20)
2023-03-03 08:22:52 error: uncaughtException: ⨯ Unable to compile TypeScript:
src/routes/user.ts(23,44): error TS1109: Expression expected.

Error: ⨯ Unable to compile TypeScript:
src/routes/user.ts(23,44): error TS1109: Expression expected.

    at Object.<anonymous> (/home/codad5/workspace/node/fd/src/routes/user.ts:1:7)
    at Module._compile (node:internal/modules/cjs/loader:1246:14)
    at Module._compile (/home/codad5/workspace/node/fd/node_modules/source-map-support/source-map-support.js:521:25)
    at Module.m._compile (/tmp/ts-node-dev-hook-6491707525893233.js:69:33)
    at Module._extensions..js (node:internal/modules/cjs/loader:1300:10)
    at require.extensions..jsx.require.extensions..js (/tmp/ts-node-dev-hook-6491707525893233.js:114:20)
    at require.extensions.<computed> (/tmp/ts-node-dev-hook-6491707525893233.js:71:20)
    at Object.nodeDevHook [as .ts] (/home/codad5/workspace/node/fd/node_modules/ts-node-dev/lib/hook.js:63:13)
    at Module.load (node:internal/modules/cjs/loader:1103:32)
    at Function.Module._load (node:internal/modules/cjs/loader:942:12)
2023-03-03 08:22:55 error: uncaughtException: ⨯ Unable to compile TypeScript:
src/routes/user.ts(23,44): error TS2304: Cannot find name 're'.

Error: ⨯ Unable to compile TypeScript:
src/routes/user.ts(23,44): error TS2304: Cannot find name 're'.

    at Object.<anonymous> (/home/codad5/workspace/node/fd/src/routes/user.ts:1:7)
    at Module._compile (node:internal/modules/cjs/loader:1246:14)
    at Module._compile (/home/codad5/workspace/node/fd/node_modules/source-map-support/source-map-support.js:521:25)
    at Module.m._compile (/tmp/ts-node-dev-hook-6491707525893233.js:69:33)
    at Module._extensions..js (node:internal/modules/cjs/loader:1300:10)
    at require.extensions..jsx.require.extensions..js (/tmp/ts-node-dev-hook-6491707525893233.js:114:20)
    at require.extensions.<computed> (/tmp/ts-node-dev-hook-6491707525893233.js:71:20)
    at Object.nodeDevHook [as .ts] (/home/codad5/workspace/node/fd/node_modules/ts-node-dev/lib/hook.js:63:13)
    at Module.load (node:internal/modules/cjs/loader:1103:32)
    at Function.Module._load (node:internal/modules/cjs/loader:942:12)
2023-03-03 08:22:59 error: uncaughtException: ⨯ Unable to compile TypeScript:
src/routes/user.ts(23,41): error TS2345: Argument of type 'string | ParsedQs | string[] | ParsedQs[] | undefined' is not assignable to parameter of type 'string | undefined'.
  Type 'ParsedQs' is not assignable to type 'string'.

Error: ⨯ Unable to compile TypeScript:
src/routes/user.ts(23,41): error TS2345: Argument of type 'string | ParsedQs | string[] | ParsedQs[] | undefined' is not assignable to parameter of type 'string | undefined'.
  Type 'ParsedQs' is not assignable to type 'string'.

    at Object.<anonymous> (/home/codad5/workspace/node/fd/src/routes/user.ts:1:7)
    at Module._compile (node:internal/modules/cjs/loader:1246:14)
    at Module._compile (/home/codad5/workspace/node/fd/node_modules/source-map-support/source-map-support.js:521:25)
    at Module.m._compile (/tmp/ts-node-dev-hook-6491707525893233.js:69:33)
    at Module._extensions..js (node:internal/modules/cjs/loader:1300:10)
    at require.extensions..jsx.require.extensions..js (/tmp/ts-node-dev-hook-6491707525893233.js:114:20)
    at require.extensions.<computed> (/tmp/ts-node-dev-hook-6491707525893233.js:71:20)
    at Object.nodeDevHook [as .ts] (/home/codad5/workspace/node/fd/node_modules/ts-node-dev/lib/hook.js:63:13)
    at Module.load (node:internal/modules/cjs/loader:1103:32)
    at Function.Module._load (node:internal/modules/cjs/loader:942:12)
2023-03-03 08:23:07 error: uncaughtException: ⨯ Unable to compile TypeScript:
src/routes/user.ts(23,41): error TS2345: Argument of type 'string | ParsedQs | string[] | ParsedQs[] | undefined' is not assignable to parameter of type 'string | undefined'.
  Type 'ParsedQs' is not assignable to type 'string'.

Error: ⨯ Unable to compile TypeScript:
src/routes/user.ts(23,41): error TS2345: Argument of type 'string | ParsedQs | string[] | ParsedQs[] | undefined' is not assignable to parameter of type 'string | undefined'.
  Type 'ParsedQs' is not assignable to type 'string'.

    at Object.<anonymous> (/home/codad5/workspace/node/fd/src/routes/user.ts:1:7)
    at Module._compile (node:internal/modules/cjs/loader:1246:14)
    at Module._compile (/home/codad5/workspace/node/fd/node_modules/source-map-support/source-map-support.js:521:25)
    at Module.m._compile (/tmp/ts-node-dev-hook-6491707525893233.js:69:33)
    at Module._extensions..js (node:internal/modules/cjs/loader:1300:10)
    at require.extensions..jsx.require.extensions..js (/tmp/ts-node-dev-hook-6491707525893233.js:114:20)
    at require.extensions.<computed> (/tmp/ts-node-dev-hook-6491707525893233.js:71:20)
    at Object.nodeDevHook [as .ts] (/home/codad5/workspace/node/fd/node_modules/ts-node-dev/lib/hook.js:63:13)
    at Module.load (node:internal/modules/cjs/loader:1103:32)
    at Function.Module._load (node:internal/modules/cjs/loader:942:12)
2023-03-03 08:23:15 error: uncaughtException: ⨯ Unable to compile TypeScript:
src/routes/user.ts(23,41): error TS2345: Argument of type 'string | ParsedQs | string[] | ParsedQs[] | undefined' is not assignable to parameter of type 'string | undefined'.
  Type 'ParsedQs' is not assignable to type 'string'.

Error: ⨯ Unable to compile TypeScript:
src/routes/user.ts(23,41): error TS2345: Argument of type 'string | ParsedQs | string[] | ParsedQs[] | undefined' is not assignable to parameter of type 'string | undefined'.
  Type 'ParsedQs' is not assignable to type 'string'.

    at Object.<anonymous> (/home/codad5/workspace/node/fd/src/routes/user.ts:1:7)
    at Module._compile (node:internal/modules/cjs/loader:1246:14)
    at Module._compile (/home/codad5/workspace/node/fd/node_modules/source-map-support/source-map-support.js:521:25)
    at Module.m._compile (/tmp/ts-node-dev-hook-6491707525893233.js:69:33)
    at Module._extensions..js (node:internal/modules/cjs/loader:1300:10)
    at require.extensions..jsx.require.extensions..js (/tmp/ts-node-dev-hook-6491707525893233.js:114:20)
    at require.extensions.<computed> (/tmp/ts-node-dev-hook-6491707525893233.js:71:20)
    at Object.nodeDevHook [as .ts] (/home/codad5/workspace/node/fd/node_modules/ts-node-dev/lib/hook.js:63:13)
    at Module.load (node:internal/modules/cjs/loader:1103:32)
    at Function.Module._load (node:internal/modules/cjs/loader:942:12)
2023-03-03 08:24:00 error: uncaughtException: Cannot find module 'src/controllers/signup'
Require stack:
- /home/codad5/workspace/node/fd/src/routes/user.ts
- /home/codad5/workspace/node/fd/src/server.ts
Error: Cannot find module 'src/controllers/signup'
Require stack:
- /home/codad5/workspace/node/fd/src/routes/user.ts
- /home/codad5/workspace/node/fd/src/server.ts
    at Function.Module._resolveFilename (node:internal/modules/cjs/loader:1060:15)
    at Function.Module._load (node:internal/modules/cjs/loader:905:27)
    at Module.require (node:internal/modules/cjs/loader:1127:19)
    at require (node:internal/modules/helpers:112:18)
    at Object.<anonymous> (/home/codad5/workspace/node/fd/src/routes/user.ts:3:1)
    at Module._compile (node:internal/modules/cjs/loader:1246:14)
    at Module._compile (/home/codad5/workspace/node/fd/node_modules/source-map-support/source-map-support.js:521:25)
    at Module.m._compile (/tmp/ts-node-dev-hook-6491707525893233.js:69:33)
    at Module._extensions..js (node:internal/modules/cjs/loader:1300:10)
    at require.extensions..jsx.require.extensions..js (/tmp/ts-node-dev-hook-6491707525893233.js:114:20)
2023-03-03 08:24:07 error: uncaughtException: ⨯ Unable to compile TypeScript:
src/routes/user.ts(24,5): error TS1214: Identifier expected. 'let' is a reserved word in strict mode. Modules are automatically in strict mode.
src/routes/user.ts(24,5): error TS2304: Cannot find name 'let'.

Error: ⨯ Unable to compile TypeScript:
src/routes/user.ts(24,5): error TS1214: Identifier expected. 'let' is a reserved word in strict mode. Modules are automatically in strict mode.
src/routes/user.ts(24,5): error TS2304: Cannot find name 'let'.

    at Object.<anonymous> (/home/codad5/workspace/node/fd/src/routes/user.ts:1:7)
    at Module._compile (node:internal/modules/cjs/loader:1246:14)
    at Module._compile (/home/codad5/workspace/node/fd/node_modules/source-map-support/source-map-support.js:521:25)
    at Module.m._compile (/tmp/ts-node-dev-hook-6491707525893233.js:69:33)
    at Module._extensions..js (node:internal/modules/cjs/loader:1300:10)
    at require.extensions..jsx.require.extensions..js (/tmp/ts-node-dev-hook-6491707525893233.js:114:20)
    at require.extensions.<computed> (/tmp/ts-node-dev-hook-6491707525893233.js:71:20)
    at Object.nodeDevHook [as .ts] (/home/codad5/workspace/node/fd/node_modules/ts-node-dev/lib/hook.js:63:13)
    at Module.load (node:internal/modules/cjs/loader:1103:32)
    at Function.Module._load (node:internal/modules/cjs/loader:942:12)
2023-03-03 08:25:47 error: uncaughtException: Cannot find module 'src/controllers/signup'
Require stack:
- /home/codad5/workspace/node/fd/src/routes/user.ts
- /home/codad5/workspace/node/fd/src/server.ts
Error: Cannot find module 'src/controllers/signup'
Require stack:
- /home/codad5/workspace/node/fd/src/routes/user.ts
- /home/codad5/workspace/node/fd/src/server.ts
    at Function.Module._resolveFilename (node:internal/modules/cjs/loader:1060:15)
    at Function.Module._load (node:internal/modules/cjs/loader:905:27)
    at Module.require (node:internal/modules/cjs/loader:1127:19)
    at require (node:internal/modules/helpers:112:18)
    at Object.<anonymous> (/home/codad5/workspace/node/fd/src/routes/user.ts:3:1)
    at Module._compile (node:internal/modules/cjs/loader:1246:14)
    at Module._compile (/home/codad5/workspace/node/fd/node_modules/source-map-support/source-map-support.js:521:25)
    at Module.m._compile (/tmp/ts-node-dev-hook-9596986751388352.js:69:33)
    at Module._extensions..js (node:internal/modules/cjs/loader:1300:10)
    at require.extensions..jsx.require.extensions..js (/tmp/ts-node-dev-hook-9596986751388352.js:114:20)
2023-03-03 08:25:58 error: uncaughtException: Cannot find module '@utils/responseHandler'
Require stack:
- /home/codad5/workspace/node/fd/src/controllers/signup.ts
- /home/codad5/workspace/node/fd/src/routes/user.ts
- /home/codad5/workspace/node/fd/src/server.ts
Error: Cannot find module '@utils/responseHandler'
Require stack:
- /home/codad5/workspace/node/fd/src/controllers/signup.ts
- /home/codad5/workspace/node/fd/src/routes/user.ts
- /home/codad5/workspace/node/fd/src/server.ts
    at Function.Module._resolveFilename (node:internal/modules/cjs/loader:1060:15)
    at Function.Module._load (node:internal/modules/cjs/loader:905:27)
    at Module.require (node:internal/modules/cjs/loader:1127:19)
    at require (node:internal/modules/helpers:112:18)
    at Object.<anonymous> (/home/codad5/workspace/node/fd/src/controllers/signup.ts:1:1)
    at Module._compile (node:internal/modules/cjs/loader:1246:14)
    at Module._compile (/home/codad5/workspace/node/fd/node_modules/source-map-support/source-map-support.js:521:25)
    at Module.m._compile (/tmp/ts-node-dev-hook-9596986751388352.js:69:33)
    at Module._extensions..js (node:internal/modules/cjs/loader:1300:10)
    at require.extensions..jsx.require.extensions..js (/tmp/ts-node-dev-hook-9596986751388352.js:114:20)
2023-03-03 08:27:34 error: uncaughtException: ⨯ Unable to compile TypeScript:
src/controllers/signup.ts(22,57): error TS2322: Type 'string' is not assignable to type '"phone" | "name" | "email" | "password" | "confirmpassowrd"'.

Error: ⨯ Unable to compile TypeScript:
src/controllers/signup.ts(22,57): error TS2322: Type 'string' is not assignable to type '"phone" | "name" | "email" | "password" | "confirmpassowrd"'.

    at Object.<anonymous> (/home/codad5/workspace/node/fd/src/controllers/signup.ts:1:7)
    at Module._compile (node:internal/modules/cjs/loader:1246:14)
    at Module._compile (/home/codad5/workspace/node/fd/node_modules/source-map-support/source-map-support.js:521:25)
    at Module.m._compile (/tmp/ts-node-dev-hook-9596986751388352.js:69:33)
    at Module._extensions..js (node:internal/modules/cjs/loader:1300:10)
    at require.extensions..jsx.require.extensions..js (/tmp/ts-node-dev-hook-9596986751388352.js:114:20)
    at require.extensions.<computed> (/tmp/ts-node-dev-hook-9596986751388352.js:71:20)
    at Object.nodeDevHook [as .ts] (/home/codad5/workspace/node/fd/node_modules/ts-node-dev/lib/hook.js:63:13)
    at Module.load (node:internal/modules/cjs/loader:1103:32)
    at Function.Module._load (node:internal/modules/cjs/loader:942:12)
2023-03-03 08:27:40 error: uncaughtException: ⨯ Unable to compile TypeScript:
src/controllers/signup.ts(22,75): error TS1005: ':' expected.

Error: ⨯ Unable to compile TypeScript:
src/controllers/signup.ts(22,75): error TS1005: ':' expected.

    at Object.<anonymous> (/home/codad5/workspace/node/fd/src/controllers/signup.ts:1:7)
    at Module._compile (node:internal/modules/cjs/loader:1246:14)
    at Module._compile (/home/codad5/workspace/node/fd/node_modules/source-map-support/source-map-support.js:521:25)
    at Module.m._compile (/tmp/ts-node-dev-hook-9596986751388352.js:69:33)
    at Module._extensions..js (node:internal/modules/cjs/loader:1300:10)
    at require.extensions..jsx.require.extensions..js (/tmp/ts-node-dev-hook-9596986751388352.js:114:20)
    at require.extensions.<computed> (/tmp/ts-node-dev-hook-9596986751388352.js:71:20)
    at Object.nodeDevHook [as .ts] (/home/codad5/workspace/node/fd/node_modules/ts-node-dev/lib/hook.js:63:13)
    at Module.load (node:internal/modules/cjs/loader:1103:32)
    at Function.Module._load (node:internal/modules/cjs/loader:942:12)
2023-03-03 08:27:43 error: uncaughtException: ⨯ Unable to compile TypeScript:
src/controllers/signup.ts(22,76): error TS1005: ':' expected.

Error: ⨯ Unable to compile TypeScript:
src/controllers/signup.ts(22,76): error TS1005: ':' expected.

    at Object.<anonymous> (/home/codad5/workspace/node/fd/src/controllers/signup.ts:1:7)
    at Module._compile (node:internal/modules/cjs/loader:1246:14)
    at Module._compile (/home/codad5/workspace/node/fd/node_modules/source-map-support/source-map-support.js:521:25)
    at Module.m._compile (/tmp/ts-node-dev-hook-9596986751388352.js:69:33)
    at Module._extensions..js (node:internal/modules/cjs/loader:1300:10)
    at require.extensions..jsx.require.extensions..js (/tmp/ts-node-dev-hook-9596986751388352.js:114:20)
    at require.extensions.<computed> (/tmp/ts-node-dev-hook-9596986751388352.js:71:20)
    at Object.nodeDevHook [as .ts] (/home/codad5/workspace/node/fd/node_modules/ts-node-dev/lib/hook.js:63:13)
    at Module.load (node:internal/modules/cjs/loader:1103:32)
    at Function.Module._load (node:internal/modules/cjs/loader:942:12)
2023-03-03 08:27:59 error: uncaughtException: ⨯ Unable to compile TypeScript:
src/controllers/signup.ts(22,76): error TS1005: ':' expected.

Error: ⨯ Unable to compile TypeScript:
src/controllers/signup.ts(22,76): error TS1005: ':' expected.

    at Object.<anonymous> (/home/codad5/workspace/node/fd/src/controllers/signup.ts:1:7)
    at Module._compile (node:internal/modules/cjs/loader:1246:14)
    at Module._compile (/home/codad5/workspace/node/fd/node_modules/source-map-support/source-map-support.js:521:25)
    at Module.m._compile (/tmp/ts-node-dev-hook-9596986751388352.js:69:33)
    at Module._extensions..js (node:internal/modules/cjs/loader:1300:10)
    at require.extensions..jsx.require.extensions..js (/tmp/ts-node-dev-hook-9596986751388352.js:114:20)
    at require.extensions.<computed> (/tmp/ts-node-dev-hook-9596986751388352.js:71:20)
    at Object.nodeDevHook [as .ts] (/home/codad5/workspace/node/fd/node_modules/ts-node-dev/lib/hook.js:63:13)
    at Module.load (node:internal/modules/cjs/loader:1103:32)
    at Function.Module._load (node:internal/modules/cjs/loader:942:12)
2023-03-03 08:28:03 error: uncaughtException: ⨯ Unable to compile TypeScript:
src/controllers/signup.ts(22,75): error TS1005: ':' expected.

Error: ⨯ Unable to compile TypeScript:
src/controllers/signup.ts(22,75): error TS1005: ':' expected.

    at Object.<anonymous> (/home/codad5/workspace/node/fd/src/controllers/signup.ts:1:7)
    at Module._compile (node:internal/modules/cjs/loader:1246:14)
    at Module._compile (/home/codad5/workspace/node/fd/node_modules/source-map-support/source-map-support.js:521:25)
    at Module.m._compile (/tmp/ts-node-dev-hook-9596986751388352.js:69:33)
    at Module._extensions..js (node:internal/modules/cjs/loader:1300:10)
    at require.extensions..jsx.require.extensions..js (/tmp/ts-node-dev-hook-9596986751388352.js:114:20)
    at require.extensions.<computed> (/tmp/ts-node-dev-hook-9596986751388352.js:71:20)
    at Object.nodeDevHook [as .ts] (/home/codad5/workspace/node/fd/node_modules/ts-node-dev/lib/hook.js:63:13)
    at Module.load (node:internal/modules/cjs/loader:1103:32)
    at Function.Module._load (node:internal/modules/cjs/loader:942:12)
2023-03-03 08:28:21 error: uncaughtException: ⨯ Unable to compile TypeScript:
src/controllers/signup.ts(22,62): error TS1003: Identifier expected.

Error: ⨯ Unable to compile TypeScript:
src/controllers/signup.ts(22,62): error TS1003: Identifier expected.

    at Object.<anonymous> (/home/codad5/workspace/node/fd/src/controllers/signup.ts:1:7)
    at Module._compile (node:internal/modules/cjs/loader:1246:14)
    at Module._compile (/home/codad5/workspace/node/fd/node_modules/source-map-support/source-map-support.js:521:25)
    at Module.m._compile (/tmp/ts-node-dev-hook-9596986751388352.js:69:33)
    at Module._extensions..js (node:internal/modules/cjs/loader:1300:10)
    at require.extensions..jsx.require.extensions..js (/tmp/ts-node-dev-hook-9596986751388352.js:114:20)
    at require.extensions.<computed> (/tmp/ts-node-dev-hook-9596986751388352.js:71:20)
    at Object.nodeDevHook [as .ts] (/home/codad5/workspace/node/fd/node_modules/ts-node-dev/lib/hook.js:63:13)
    at Module.load (node:internal/modules/cjs/loader:1103:32)
    at Function.Module._load (node:internal/modules/cjs/loader:942:12)
2023-03-03 08:28:34 error: uncaughtException: ⨯ Unable to compile TypeScript:
src/controllers/signup.ts(23,9): error TS1109: Expression expected.

Error: ⨯ Unable to compile TypeScript:
src/controllers/signup.ts(23,9): error TS1109: Expression expected.

    at Object.<anonymous> (/home/codad5/workspace/node/fd/src/controllers/signup.ts:1:7)
    at Module._compile (node:internal/modules/cjs/loader:1246:14)
    at Module._compile (/home/codad5/workspace/node/fd/node_modules/source-map-support/source-map-support.js:521:25)
    at Module.m._compile (/tmp/ts-node-dev-hook-9596986751388352.js:69:33)
    at Module._extensions..js (node:internal/modules/cjs/loader:1300:10)
    at require.extensions..jsx.require.extensions..js (/tmp/ts-node-dev-hook-9596986751388352.js:114:20)
    at require.extensions.<computed> (/tmp/ts-node-dev-hook-9596986751388352.js:71:20)
    at Object.nodeDevHook [as .ts] (/home/codad5/workspace/node/fd/node_modules/ts-node-dev/lib/hook.js:63:13)
    at Module.load (node:internal/modules/cjs/loader:1103:32)
    at Function.Module._load (node:internal/modules/cjs/loader:942:12)
2023-03-03 08:28:47 error: uncaughtException: ⨯ Unable to compile TypeScript:
src/controllers/signup.ts(20,36): error TS2693: 'string' only refers to a type, but is being used as a value here.
src/controllers/signup.ts(22,26): error TS2322: Type 'string | undefined' is not assignable to type '"phone" | "name" | "email" | "password" | "confirmpassowrd"'.
  Type 'undefined' is not assignable to type '"phone" | "name" | "email" | "password" | "confirmpassowrd"'.
src/controllers/signup.ts(22,37): error TS2322: Type 'string | undefined' is not assignable to type '"phone" | "name" | "email" | "password" | "confirmpassowrd"'.
src/controllers/signup.ts(20,34): error TS1110: Type expected.

Error: ⨯ Unable to compile TypeScript:
src/controllers/signup.ts(20,36): error TS2693: 'string' only refers to a type, but is being used as a value here.
src/controllers/signup.ts(22,26): error TS2322: Type 'string | undefined' is not assignable to type '"phone" | "name" | "email" | "password" | "confirmpassowrd"'.
  Type 'undefined' is not assignable to type '"phone" | "name" | "email" | "password" | "confirmpassowrd"'.
src/controllers/signup.ts(22,37): error TS2322: Type 'string | undefined' is not assignable to type '"phone" | "name" | "email" | "password" | "confirmpassowrd"'.
src/controllers/signup.ts(20,34): error TS1110: Type expected.

    at Object.<anonymous> (/home/codad5/workspace/node/fd/src/controllers/signup.ts:1:7)
    at Module._compile (node:internal/modules/cjs/loader:1246:14)
    at Module._compile (/home/codad5/workspace/node/fd/node_modules/source-map-support/source-map-support.js:521:25)
    at Module.m._compile (/tmp/ts-node-dev-hook-9596986751388352.js:69:33)
    at Module._extensions..js (node:internal/modules/cjs/loader:1300:10)
    at require.extensions..jsx.require.extensions..js (/tmp/ts-node-dev-hook-9596986751388352.js:114:20)
    at require.extensions.<computed> (/tmp/ts-node-dev-hook-9596986751388352.js:71:20)
    at Object.nodeDevHook [as .ts] (/home/codad5/workspace/node/fd/node_modules/ts-node-dev/lib/hook.js:63:13)
    at Module.load (node:internal/modules/cjs/loader:1103:32)
    at Function.Module._load (node:internal/modules/cjs/loader:942:12)
2023-03-03 08:28:55 error: uncaughtException: ⨯ Unable to compile TypeScript:
src/controllers/signup.ts(22,54): error TS1003: Identifier expected.

Error: ⨯ Unable to compile TypeScript:
src/controllers/signup.ts(22,54): error TS1003: Identifier expected.

    at Object.<anonymous> (/home/codad5/workspace/node/fd/src/controllers/signup.ts:1:7)
    at Module._compile (node:internal/modules/cjs/loader:1246:14)
    at Module._compile (/home/codad5/workspace/node/fd/node_modules/source-map-support/source-map-support.js:521:25)
    at Module.m._compile (/tmp/ts-node-dev-hook-9596986751388352.js:69:33)
    at Module._extensions..js (node:internal/modules/cjs/loader:1300:10)
    at require.extensions..jsx.require.extensions..js (/tmp/ts-node-dev-hook-9596986751388352.js:114:20)
    at require.extensions.<computed> (/tmp/ts-node-dev-hook-9596986751388352.js:71:20)
    at Object.nodeDevHook [as .ts] (/home/codad5/workspace/node/fd/node_modules/ts-node-dev/lib/hook.js:63:13)
    at Module.load (node:internal/modules/cjs/loader:1103:32)
    at Function.Module._load (node:internal/modules/cjs/loader:942:12)
2023-03-03 08:28:59 error: uncaughtException: ⨯ Unable to compile TypeScript:
src/controllers/signup.ts(22,26): error TS2322: Type 'string | undefined' is not assignable to type '"phone" | "name" | "email" | "password" | "confirmpassowrd"'.
  Type 'undefined' is not assignable to type '"phone" | "name" | "email" | "password" | "confirmpassowrd"'.
src/controllers/signup.ts(22,37): error TS2322: Type 'string | undefined' is not assignable to type '"phone" | "name" | "email" | "password" | "confirmpassowrd"'.
src/controllers/signup.ts(22,49): error TS2322: Type 'string | undefined' is not assignable to type '"phone" | "name" | "email" | "password" | "confirmpassowrd"'.

Error: ⨯ Unable to compile TypeScript:
src/controllers/signup.ts(22,26): error TS2322: Type 'string | undefined' is not assignable to type '"phone" | "name" | "email" | "password" | "confirmpassowrd"'.
  Type 'undefined' is not assignable to type '"phone" | "name" | "email" | "password" | "confirmpassowrd"'.
src/controllers/signup.ts(22,37): error TS2322: Type 'string | undefined' is not assignable to type '"phone" | "name" | "email" | "password" | "confirmpassowrd"'.
src/controllers/signup.ts(22,49): error TS2322: Type 'string | undefined' is not assignable to type '"phone" | "name" | "email" | "password" | "confirmpassowrd"'.

    at Object.<anonymous> (/home/codad5/workspace/node/fd/src/controllers/signup.ts:1:7)
    at Module._compile (node:internal/modules/cjs/loader:1246:14)
    at Module._compile (/home/codad5/workspace/node/fd/node_modules/source-map-support/source-map-support.js:521:25)
    at Module.m._compile (/tmp/ts-node-dev-hook-9596986751388352.js:69:33)
    at Module._extensions..js (node:internal/modules/cjs/loader:1300:10)
    at require.extensions..jsx.require.extensions..js (/tmp/ts-node-dev-hook-9596986751388352.js:114:20)
    at require.extensions.<computed> (/tmp/ts-node-dev-hook-9596986751388352.js:71:20)
    at Object.nodeDevHook [as .ts] (/home/codad5/workspace/node/fd/node_modules/ts-node-dev/lib/hook.js:63:13)
    at Module.load (node:internal/modules/cjs/loader:1103:32)
    at Function.Module._load (node:internal/modules/cjs/loader:942:12)
2023-03-03 08:29:14 error: uncaughtException: ⨯ Unable to compile TypeScript:
src/controllers/signup.ts(22,64): error TS2554: Expected 1-2 arguments, but got 0.

Error: ⨯ Unable to compile TypeScript:
src/controllers/signup.ts(22,64): error TS2554: Expected 1-2 arguments, but got 0.

    at Object.<anonymous> (/home/codad5/workspace/node/fd/src/controllers/signup.ts:1:7)
    at Module._compile (node:internal/modules/cjs/loader:1246:14)
    at Module._compile (/home/codad5/workspace/node/fd/node_modules/source-map-support/source-map-support.js:521:25)
    at Module.m._compile (/tmp/ts-node-dev-hook-9596986751388352.js:69:33)
    at Module._extensions..js (node:internal/modules/cjs/loader:1300:10)
    at require.extensions..jsx.require.extensions..js (/tmp/ts-node-dev-hook-9596986751388352.js:114:20)
    at require.extensions.<computed> (/tmp/ts-node-dev-hook-9596986751388352.js:71:20)
    at Object.nodeDevHook [as .ts] (/home/codad5/workspace/node/fd/node_modules/ts-node-dev/lib/hook.js:63:13)
    at Module.load (node:internal/modules/cjs/loader:1103:32)
    at Function.Module._load (node:internal/modules/cjs/loader:942:12)
2023-03-03 08:29:18 error: uncaughtException: ⨯ Unable to compile TypeScript:
src/controllers/signup.ts(22,68): error TS2304: Cannot find name 'v'.
src/controllers/signup.ts(22,68): error TS2345: Argument of type 'boolean' is not assignable to parameter of type '(value: string | undefined, index: number, array: (string | undefined)[]) => "phone" | "name" | "email" | "password" | "confirmpassowrd"'.
src/controllers/signup.ts(22,71): error TS1109: Expression expected.

Error: ⨯ Unable to compile TypeScript:
src/controllers/signup.ts(22,68): error TS2304: Cannot find name 'v'.
src/controllers/signup.ts(22,68): error TS2345: Argument of type 'boolean' is not assignable to parameter of type '(value: string | undefined, index: number, array: (string | undefined)[]) => "phone" | "name" | "email" | "password" | "confirmpassowrd"'.
src/controllers/signup.ts(22,71): error TS1109: Expression expected.

    at Object.<anonymous> (/home/codad5/workspace/node/fd/src/controllers/signup.ts:1:7)
    at Module._compile (node:internal/modules/cjs/loader:1246:14)
    at Module._compile (/home/codad5/workspace/node/fd/node_modules/source-map-support/source-map-support.js:521:25)
    at Module.m._compile (/tmp/ts-node-dev-hook-9596986751388352.js:69:33)
    at Module._extensions..js (node:internal/modules/cjs/loader:1300:10)
    at require.extensions..jsx.require.extensions..js (/tmp/ts-node-dev-hook-9596986751388352.js:114:20)
    at require.extensions.<computed> (/tmp/ts-node-dev-hook-9596986751388352.js:71:20)
    at Object.nodeDevHook [as .ts] (/home/codad5/workspace/node/fd/node_modules/ts-node-dev/lib/hook.js:63:13)
    at Module.load (node:internal/modules/cjs/loader:1103:32)
    at Function.Module._load (node:internal/modules/cjs/loader:942:12)
2023-03-03 08:29:22 error: uncaughtException: ⨯ Unable to compile TypeScript:
src/controllers/signup.ts(22,13): error TS2322: Type 'void[]' is not assignable to type '("phone" | "name" | "email" | "password" | "confirmpassowrd")[]'.
  Type 'void' is not assignable to type '"phone" | "name" | "email" | "password" | "confirmpassowrd"'.

Error: ⨯ Unable to compile TypeScript:
src/controllers/signup.ts(22,13): error TS2322: Type 'void[]' is not assignable to type '("phone" | "name" | "email" | "password" | "confirmpassowrd")[]'.
  Type 'void' is not assignable to type '"phone" | "name" | "email" | "password" | "confirmpassowrd"'.

    at Object.<anonymous> (/home/codad5/workspace/node/fd/src/controllers/signup.ts:1:7)
    at Module._compile (node:internal/modules/cjs/loader:1246:14)
    at Module._compile (/home/codad5/workspace/node/fd/node_modules/source-map-support/source-map-support.js:521:25)
    at Module.m._compile (/tmp/ts-node-dev-hook-9596986751388352.js:69:33)
    at Module._extensions..js (node:internal/modules/cjs/loader:1300:10)
    at require.extensions..jsx.require.extensions..js (/tmp/ts-node-dev-hook-9596986751388352.js:114:20)
    at require.extensions.<computed> (/tmp/ts-node-dev-hook-9596986751388352.js:71:20)
    at Object.nodeDevHook [as .ts] (/home/codad5/workspace/node/fd/node_modules/ts-node-dev/lib/hook.js:63:13)
    at Module.load (node:internal/modules/cjs/loader:1103:32)
    at Function.Module._load (node:internal/modules/cjs/loader:942:12)
2023-03-03 08:29:27 error: uncaughtException: ⨯ Unable to compile TypeScript:
src/controllers/signup.ts(22,13): error TS2322: Type 'void[]' is not assignable to type '("phone" | "name" | "email" | "password" | "confirmpassowrd")[]'.
  Type 'void' is not assignable to type '"phone" | "name" | "email" | "password" | "confirmpassowrd"'.

Error: ⨯ Unable to compile TypeScript:
src/controllers/signup.ts(22,13): error TS2322: Type 'void[]' is not assignable to type '("phone" | "name" | "email" | "password" | "confirmpassowrd")[]'.
  Type 'void' is not assignable to type '"phone" | "name" | "email" | "password" | "confirmpassowrd"'.

    at Object.<anonymous> (/home/codad5/workspace/node/fd/src/controllers/signup.ts:1:7)
    at Module._compile (node:internal/modules/cjs/loader:1246:14)
    at Module._compile (/home/codad5/workspace/node/fd/node_modules/source-map-support/source-map-support.js:521:25)
    at Module.m._compile (/tmp/ts-node-dev-hook-9596986751388352.js:69:33)
    at Module._extensions..js (node:internal/modules/cjs/loader:1300:10)
    at require.extensions..jsx.require.extensions..js (/tmp/ts-node-dev-hook-9596986751388352.js:114:20)
    at require.extensions.<computed> (/tmp/ts-node-dev-hook-9596986751388352.js:71:20)
    at Object.nodeDevHook [as .ts] (/home/codad5/workspace/node/fd/node_modules/ts-node-dev/lib/hook.js:63:13)
    at Module.load (node:internal/modules/cjs/loader:1103:32)
    at Function.Module._load (node:internal/modules/cjs/loader:942:12)
2023-03-03 08:29:34 error: uncaughtException: ⨯ Unable to compile TypeScript:
src/controllers/signup.ts(22,13): error TS2322: Type '(string | undefined)[]' is not assignable to type '("phone" | "name" | "email" | "password" | "confirmpassowrd")[]'.
  Type 'string | undefined' is not assignable to type '"phone" | "name" | "email" | "password" | "confirmpassowrd"'.
    Type 'undefined' is not assignable to type '"phone" | "name" | "email" | "password" | "confirmpassowrd"'.

Error: ⨯ Unable to compile TypeScript:
src/controllers/signup.ts(22,13): error TS2322: Type '(string | undefined)[]' is not assignable to type '("phone" | "name" | "email" | "password" | "confirmpassowrd")[]'.
  Type 'string | undefined' is not assignable to type '"phone" | "name" | "email" | "password" | "confirmpassowrd"'.
    Type 'undefined' is not assignable to type '"phone" | "name" | "email" | "password" | "confirmpassowrd"'.

    at Object.<anonymous> (/home/codad5/workspace/node/fd/src/controllers/signup.ts:1:7)
    at Module._compile (node:internal/modules/cjs/loader:1246:14)
    at Module._compile (/home/codad5/workspace/node/fd/node_modules/source-map-support/source-map-support.js:521:25)
    at Module.m._compile (/tmp/ts-node-dev-hook-9596986751388352.js:69:33)
    at Module._extensions..js (node:internal/modules/cjs/loader:1300:10)
    at require.extensions..jsx.require.extensions..js (/tmp/ts-node-dev-hook-9596986751388352.js:114:20)
    at require.extensions.<computed> (/tmp/ts-node-dev-hook-9596986751388352.js:71:20)
    at Object.nodeDevHook [as .ts] (/home/codad5/workspace/node/fd/node_modules/ts-node-dev/lib/hook.js:63:13)
    at Module.load (node:internal/modules/cjs/loader:1103:32)
    at Function.Module._load (node:internal/modules/cjs/loader:942:12)
2023-03-03 08:29:34 error: uncaughtException: write EPIPE
Error: write EPIPE
    at process.target._send (node:internal/child_process:872:20)
    at process.target.send (node:internal/child_process:745:19)
    at Object.exports.send (/home/codad5/workspace/node/fd/node_modules/ts-node-dev/lib/ipc.js:17:14)
    at process.<anonymous> (/home/codad5/workspace/node/fd/node_modules/ts-node-dev/lib/wrap.js:78:9)
    at process.emit (node:events:524:35)
    at process.emit (/home/codad5/workspace/node/fd/node_modules/source-map-support/source-map-support.js:465:21)
    at process._fatalException (node:internal/process/execution:159:25)
2023-03-03 08:29:35 error: uncaughtException: ⨯ Unable to compile TypeScript:
src/controllers/signup.ts(22,13): error TS2322: Type '(string | undefined)[]' is not assignable to type '("phone" | "name" | "email" | "password" | "confirmpassowrd")[]'.
  Type 'string | undefined' is not assignable to type '"phone" | "name" | "email" | "password" | "confirmpassowrd"'.
    Type 'undefined' is not assignable to type '"phone" | "name" | "email" | "password" | "confirmpassowrd"'.

Error: ⨯ Unable to compile TypeScript:
src/controllers/signup.ts(22,13): error TS2322: Type '(string | undefined)[]' is not assignable to type '("phone" | "name" | "email" | "password" | "confirmpassowrd")[]'.
  Type 'string | undefined' is not assignable to type '"phone" | "name" | "email" | "password" | "confirmpassowrd"'.
    Type 'undefined' is not assignable to type '"phone" | "name" | "email" | "password" | "confirmpassowrd"'.

    at Object.<anonymous> (/home/codad5/workspace/node/fd/src/controllers/signup.ts:1:7)
    at Module._compile (node:internal/modules/cjs/loader:1246:14)
    at Module._compile (/home/codad5/workspace/node/fd/node_modules/source-map-support/source-map-support.js:521:25)
    at Module.m._compile (/tmp/ts-node-dev-hook-9596986751388352.js:69:33)
    at Module._extensions..js (node:internal/modules/cjs/loader:1300:10)
    at require.extensions..jsx.require.extensions..js (/tmp/ts-node-dev-hook-9596986751388352.js:114:20)
    at require.extensions.<computed> (/tmp/ts-node-dev-hook-9596986751388352.js:71:20)
    at Object.nodeDevHook [as .ts] (/home/codad5/workspace/node/fd/node_modules/ts-node-dev/lib/hook.js:63:13)
    at Module.load (node:internal/modules/cjs/loader:1103:32)
    at Function.Module._load (node:internal/modules/cjs/loader:942:12)
2023-03-03 08:29:40 error: uncaughtException: ⨯ Unable to compile TypeScript:
src/controllers/signup.ts(22,77): error TS1109: Expression expected.

Error: ⨯ Unable to compile TypeScript:
src/controllers/signup.ts(22,77): error TS1109: Expression expected.

    at Object.<anonymous> (/home/codad5/workspace/node/fd/src/controllers/signup.ts:1:7)
    at Module._compile (node:internal/modules/cjs/loader:1246:14)
    at Module._compile (/home/codad5/workspace/node/fd/node_modules/source-map-support/source-map-support.js:521:25)
    at Module.m._compile (/tmp/ts-node-dev-hook-9596986751388352.js:69:33)
    at Module._extensions..js (node:internal/modules/cjs/loader:1300:10)
    at require.extensions..jsx.require.extensions..js (/tmp/ts-node-dev-hook-9596986751388352.js:114:20)
    at require.extensions.<computed> (/tmp/ts-node-dev-hook-9596986751388352.js:71:20)
    at Object.nodeDevHook [as .ts] (/home/codad5/workspace/node/fd/node_modules/ts-node-dev/lib/hook.js:63:13)
    at Module.load (node:internal/modules/cjs/loader:1103:32)
    at Function.Module._load (node:internal/modules/cjs/loader:942:12)
2023-03-03 08:29:50 error: uncaughtException: ⨯ Unable to compile TypeScript:
src/controllers/signup.ts(22,13): error TS2322: Type '(string | undefined)[]' is not assignable to type '("phone" | "name" | "email" | "password" | "confirmpassowrd")[]'.
  Type 'string | undefined' is not assignable to type '"phone" | "name" | "email" | "password" | "confirmpassowrd"'.
    Type 'undefined' is not assignable to type '"phone" | "name" | "email" | "password" | "confirmpassowrd"'.
src/controllers/signup.ts(22,80): error TS1109: Expression expected.

Error: ⨯ Unable to compile TypeScript:
src/controllers/signup.ts(22,13): error TS2322: Type '(string | undefined)[]' is not assignable to type '("phone" | "name" | "email" | "password" | "confirmpassowrd")[]'.
  Type 'string | undefined' is not assignable to type '"phone" | "name" | "email" | "password" | "confirmpassowrd"'.
    Type 'undefined' is not assignable to type '"phone" | "name" | "email" | "password" | "confirmpassowrd"'.
src/controllers/signup.ts(22,80): error TS1109: Expression expected.

    at Object.<anonymous> (/home/codad5/workspace/node/fd/src/controllers/signup.ts:1:7)
    at Module._compile (node:internal/modules/cjs/loader:1246:14)
    at Module._compile (/home/codad5/workspace/node/fd/node_modules/source-map-support/source-map-support.js:521:25)
    at Module.m._compile (/tmp/ts-node-dev-hook-9596986751388352.js:69:33)
    at Module._extensions..js (node:internal/modules/cjs/loader:1300:10)
    at require.extensions..jsx.require.extensions..js (/tmp/ts-node-dev-hook-9596986751388352.js:114:20)
    at require.extensions.<computed> (/tmp/ts-node-dev-hook-9596986751388352.js:71:20)
    at Object.nodeDevHook [as .ts] (/home/codad5/workspace/node/fd/node_modules/ts-node-dev/lib/hook.js:63:13)
    at Module.load (node:internal/modules/cjs/loader:1103:32)
    at Function.Module._load (node:internal/modules/cjs/loader:942:12)
2023-03-03 08:30:19 error: uncaughtException: ⨯ Unable to compile TypeScript:
src/controllers/signup.ts(22,13): error TS2322: Type '(string | { this: any; } | undefined)[]' is not assignable to type '("phone" | "name" | "email" | "password" | "confirmpassowrd")[]'.
  Type 'string | { this: any; } | undefined' is not assignable to type '"phone" | "name" | "email" | "password" | "confirmpassowrd"'.
    Type 'undefined' is not assignable to type '"phone" | "name" | "email" | "password" | "confirmpassowrd"'.
src/controllers/signup.ts(22,31): error TS1005: ':' expected.
src/controllers/signup.ts(22,82): error TS1109: Expression expected.

Error: ⨯ Unable to compile TypeScript:
src/controllers/signup.ts(22,13): error TS2322: Type '(string | { this: any; } | undefined)[]' is not assignable to type '("phone" | "name" | "email" | "password" | "confirmpassowrd")[]'.
  Type 'string | { this: any; } | undefined' is not assignable to type '"phone" | "name" | "email" | "password" | "confirmpassowrd"'.
    Type 'undefined' is not assignable to type '"phone" | "name" | "email" | "password" | "confirmpassowrd"'.
src/controllers/signup.ts(22,31): error TS1005: ':' expected.
src/controllers/signup.ts(22,82): error TS1109: Expression expected.

    at Object.<anonymous> (/home/codad5/workspace/node/fd/src/controllers/signup.ts:1:7)
    at Module._compile (node:internal/modules/cjs/loader:1246:14)
    at Module._compile (/home/codad5/workspace/node/fd/node_modules/source-map-support/source-map-support.js:521:25)
    at Module.m._compile (/tmp/ts-node-dev-hook-9596986751388352.js:69:33)
    at Module._extensions..js (node:internal/modules/cjs/loader:1300:10)
    at require.extensions..jsx.require.extensions..js (/tmp/ts-node-dev-hook-9596986751388352.js:114:20)
    at require.extensions.<computed> (/tmp/ts-node-dev-hook-9596986751388352.js:71:20)
    at Object.nodeDevHook [as .ts] (/home/codad5/workspace/node/fd/node_modules/ts-node-dev/lib/hook.js:63:13)
    at Module.load (node:internal/modules/cjs/loader:1103:32)
    at Function.Module._load (node:internal/modules/cjs/loader:942:12)
2023-03-03 08:39:21 error: uncaughtException: ⨯ Unable to compile TypeScript:
src/routes/user.ts(13,13): error TS2339: Property 'name' does not exist on type 'Request<{}, any, any, ParsedQs, Record<string, any>>'.
src/routes/user.ts(13,19): error TS2339: Property 'phone' does not exist on type 'Request<{}, any, any, ParsedQs, Record<string, any>>'.
src/routes/user.ts(13,26): error TS2339: Property 'password' does not exist on type 'Request<{}, any, any, ParsedQs, Record<string, any>>'.
src/routes/user.ts(13,36): error TS2339: Property 'confirmpassword' does not exist on type 'Request<{}, any, any, ParsedQs, Record<string, any>>'.
src/routes/user.ts(13,53): error TS2339: Property 'email' does not exist on type 'Request<{}, any, any, ParsedQs, Record<string, any>>'.

Error: ⨯ Unable to compile TypeScript:
src/routes/user.ts(13,13): error TS2339: Property 'name' does not exist on type 'Request<{}, any, any, ParsedQs, Record<string, any>>'.
src/routes/user.ts(13,19): error TS2339: Property 'phone' does not exist on type 'Request<{}, any, any, ParsedQs, Record<string, any>>'.
src/routes/user.ts(13,26): error TS2339: Property 'password' does not exist on type 'Request<{}, any, any, ParsedQs, Record<string, any>>'.
src/routes/user.ts(13,36): error TS2339: Property 'confirmpassword' does not exist on type 'Request<{}, any, any, ParsedQs, Record<string, any>>'.
src/routes/user.ts(13,53): error TS2339: Property 'email' does not exist on type 'Request<{}, any, any, ParsedQs, Record<string, any>>'.

    at Object.<anonymous> (/home/codad5/workspace/node/fd/src/routes/user.ts:1:7)
    at Module._compile (node:internal/modules/cjs/loader:1246:14)
    at Module._compile (/home/codad5/workspace/node/fd/node_modules/source-map-support/source-map-support.js:521:25)
    at Module.m._compile (/tmp/ts-node-dev-hook-2430610600454881.js:69:33)
    at Module._extensions..js (node:internal/modules/cjs/loader:1300:10)
    at require.extensions..jsx.require.extensions..js (/tmp/ts-node-dev-hook-2430610600454881.js:114:20)
    at require.extensions.<computed> (/tmp/ts-node-dev-hook-2430610600454881.js:71:20)
    at Object.nodeDevHook [as .ts] (/home/codad5/workspace/node/fd/node_modules/ts-node-dev/lib/hook.js:63:13)
    at Module.load (node:internal/modules/cjs/loader:1103:32)
    at Function.Module._load (node:internal/modules/cjs/loader:942:12)
2023-03-03 08:39:25 error: uncaughtException: ⨯ Unable to compile TypeScript:
src/routes/user.ts(12,30): error TS2300: Duplicate identifier 'res'.
src/routes/user.ts(16,38): error TS2300: Duplicate identifier 'res'.
src/routes/user.ts(13,26): error TS7022: 'password' implicitly has type 'any' because it does not have a type annotation and is referenced directly or indirectly in its own initializer.
src/routes/user.ts(13,36): error TS7022: 'confirmpassword' implicitly has type 'any' because it does not have a type annotation and is referenced directly or indirectly in its own initializer.
src/routes/user.ts(16,5): error TS2339: Property 'if' does not exist on type 'Request<{}, any, any, ParsedQs, Record<string, any>>'.
src/routes/user.ts(16,9): error TS2448: Block-scoped variable 'password' used before its declaration.
src/routes/user.ts(16,21): error TS2448: Block-scoped variable 'confirmpassword' used before its declaration.
src/routes/user.ts(16,38): error TS7005: Variable 'res' implicitly has an 'any' type.
src/routes/user.ts(16,42): error TS7005: Variable 'status' implicitly has an 'any' type.
src/routes/user.ts(16,54): error TS2339: Property 'json' does not exist on type '200'.
src/routes/user.ts(16,38): error TS1005: ',' expected.
src/routes/user.ts(16,41): error TS1005: ',' expected.
src/routes/user.ts(16,48): error TS1005: ',' expected.

Error: ⨯ Unable to compile TypeScript:
src/routes/user.ts(12,30): error TS2300: Duplicate identifier 'res'.
src/routes/user.ts(16,38): error TS2300: Duplicate identifier 'res'.
src/routes/user.ts(13,26): error TS7022: 'password' implicitly has type 'any' because it does not have a type annotation and is referenced directly or indirectly in its own initializer.
src/routes/user.ts(13,36): error TS7022: 'confirmpassword' implicitly has type 'any' because it does not have a type annotation and is referenced directly or indirectly in its own initializer.
src/routes/user.ts(16,5): error TS2339: Property 'if' does not exist on type 'Request<{}, any, any, ParsedQs, Record<string, any>>'.
src/routes/user.ts(16,9): error TS2448: Block-scoped variable 'password' used before its declaration.
src/routes/user.ts(16,21): error TS2448: Block-scoped variable 'confirmpassword' used before its declaration.
src/routes/user.ts(16,38): error TS7005: Variable 'res' implicitly has an 'any' type.
src/routes/user.ts(16,42): error TS7005: Variable 'status' implicitly has an 'any' type.
src/routes/user.ts(16,54): error TS2339: Property 'json' does not exist on type '200'.
src/routes/user.ts(16,38): error TS1005: ',' expected.
src/routes/user.ts(16,41): error TS1005: ',' expected.
src/routes/user.ts(16,48): error TS1005: ',' expected.

    at Object.<anonymous> (/home/codad5/workspace/node/fd/src/routes/user.ts:1:7)
    at Module._compile (node:internal/modules/cjs/loader:1246:14)
    at Module._compile (/home/codad5/workspace/node/fd/node_modules/source-map-support/source-map-support.js:521:25)
    at Module.m._compile (/tmp/ts-node-dev-hook-2430610600454881.js:69:33)
    at Module._extensions..js (node:internal/modules/cjs/loader:1300:10)
    at require.extensions..jsx.require.extensions..js (/tmp/ts-node-dev-hook-2430610600454881.js:114:20)
    at require.extensions.<computed> (/tmp/ts-node-dev-hook-2430610600454881.js:71:20)
    at Object.nodeDevHook [as .ts] (/home/codad5/workspace/node/fd/node_modules/ts-node-dev/lib/hook.js:63:13)
    at Module.load (node:internal/modules/cjs/loader:1103:32)
    at Function.Module._load (node:internal/modules/cjs/loader:942:12)
2023-03-03 08:46:28 error: uncaughtException: ⨯ Unable to compile TypeScript:
src/controllers/signup.ts(23,215): error TS2367: This comparison appears to be unintentional because the types 'signupField' and '""' have no overlap.

Error: ⨯ Unable to compile TypeScript:
src/controllers/signup.ts(23,215): error TS2367: This comparison appears to be unintentional because the types 'signupField' and '""' have no overlap.

    at Object.<anonymous> (/home/codad5/workspace/node/fd/src/controllers/signup.ts:1:7)
    at Module._compile (node:internal/modules/cjs/loader:1246:14)
    at Module._compile (/home/codad5/workspace/node/fd/node_modules/source-map-support/source-map-support.js:521:25)
    at Module.m._compile (/tmp/ts-node-dev-hook-03528978843290109.js:69:33)
    at Module._extensions..js (node:internal/modules/cjs/loader:1300:10)
    at require.extensions..jsx.require.extensions..js (/tmp/ts-node-dev-hook-03528978843290109.js:114:20)
    at require.extensions.<computed> (/tmp/ts-node-dev-hook-03528978843290109.js:71:20)
    at Object.nodeDevHook [as .ts] (/home/codad5/workspace/node/fd/node_modules/ts-node-dev/lib/hook.js:63:13)
    at Module.load (node:internal/modules/cjs/loader:1103:32)
    at Function.Module._load (node:internal/modules/cjs/loader:942:12)
2023-03-03 08:59:02 error: uncaughtException: ⨯ Unable to compile TypeScript:
src/controllers/signup.ts(26,12): error TS1109: Expression expected.

Error: ⨯ Unable to compile TypeScript:
src/controllers/signup.ts(26,12): error TS1109: Expression expected.

    at Object.<anonymous> (/home/codad5/workspace/node/fd/src/controllers/signup.ts:1:7)
    at Module._compile (node:internal/modules/cjs/loader:1246:14)
    at Module._compile (/home/codad5/workspace/node/fd/node_modules/source-map-support/source-map-support.js:521:25)
    at Module.m._compile (/tmp/ts-node-dev-hook-03528978843290109.js:69:33)
    at Module._extensions..js (node:internal/modules/cjs/loader:1300:10)
    at require.extensions..jsx.require.extensions..js (/tmp/ts-node-dev-hook-03528978843290109.js:114:20)
    at require.extensions.<computed> (/tmp/ts-node-dev-hook-03528978843290109.js:71:20)
    at Object.nodeDevHook [as .ts] (/home/codad5/workspace/node/fd/node_modules/ts-node-dev/lib/hook.js:63:13)
    at Module.load (node:internal/modules/cjs/loader:1103:32)
    at Function.Module._load (node:internal/modules/cjs/loader:942:12)
2023-03-03 08:59:33 error: uncaughtException: ⨯ Unable to compile TypeScript:
src/controllers/signup.ts(26,12): error TS1109: Expression expected.

Error: ⨯ Unable to compile TypeScript:
src/controllers/signup.ts(26,12): error TS1109: Expression expected.

    at Object.<anonymous> (/home/codad5/workspace/node/fd/src/controllers/signup.ts:1:7)
    at Module._compile (node:internal/modules/cjs/loader:1246:14)
    at Module._compile (/home/codad5/workspace/node/fd/node_modules/source-map-support/source-map-support.js:521:25)
    at Module.m._compile (/tmp/ts-node-dev-hook-03528978843290109.js:69:33)
    at Module._extensions..js (node:internal/modules/cjs/loader:1300:10)
    at require.extensions..jsx.require.extensions..js (/tmp/ts-node-dev-hook-03528978843290109.js:114:20)
    at require.extensions.<computed> (/tmp/ts-node-dev-hook-03528978843290109.js:71:20)
    at Object.nodeDevHook [as .ts] (/home/codad5/workspace/node/fd/node_modules/ts-node-dev/lib/hook.js:63:13)
    at Module.load (node:internal/modules/cjs/loader:1103:32)
    at Function.Module._load (node:internal/modules/cjs/loader:942:12)
2023-03-03 08:59:56 error: uncaughtException: ⨯ Unable to compile TypeScript:
src/controllers/signup.ts(26,12): error TS1109: Expression expected.

Error: ⨯ Unable to compile TypeScript:
src/controllers/signup.ts(26,12): error TS1109: Expression expected.

    at Object.<anonymous> (/home/codad5/workspace/node/fd/src/controllers/signup.ts:1:7)
    at Module._compile (node:internal/modules/cjs/loader:1246:14)
    at Module._compile (/home/codad5/workspace/node/fd/node_modules/source-map-support/source-map-support.js:521:25)
    at Module.m._compile (/tmp/ts-node-dev-hook-03528978843290109.js:69:33)
    at Module._extensions..js (node:internal/modules/cjs/loader:1300:10)
    at require.extensions..jsx.require.extensions..js (/tmp/ts-node-dev-hook-03528978843290109.js:114:20)
    at require.extensions.<computed> (/tmp/ts-node-dev-hook-03528978843290109.js:71:20)
    at Object.nodeDevHook [as .ts] (/home/codad5/workspace/node/fd/node_modules/ts-node-dev/lib/hook.js:63:13)
    at Module.load (node:internal/modules/cjs/loader:1103:32)
    at Function.Module._load (node:internal/modules/cjs/loader:942:12)
2023-03-03 09:00:10 error: uncaughtException: ⨯ Unable to compile TypeScript:
src/routes/user.ts(25,62): error TS2339: Property 'errorJsonvalidate' does not exist on type 'typeof ReponseHandler'.

Error: ⨯ Unable to compile TypeScript:
src/routes/user.ts(25,62): error TS2339: Property 'errorJsonvalidate' does not exist on type 'typeof ReponseHandler'.

    at Object.<anonymous> (/home/codad5/workspace/node/fd/src/routes/user.ts:1:7)
    at Module._compile (node:internal/modules/cjs/loader:1246:14)
    at Module._compile (/home/codad5/workspace/node/fd/node_modules/source-map-support/source-map-support.js:521:25)
    at Module.m._compile (/tmp/ts-node-dev-hook-03528978843290109.js:69:33)
    at Module._extensions..js (node:internal/modules/cjs/loader:1300:10)
    at require.extensions..jsx.require.extensions..js (/tmp/ts-node-dev-hook-03528978843290109.js:114:20)
    at require.extensions.<computed> (/tmp/ts-node-dev-hook-03528978843290109.js:71:20)
    at Object.nodeDevHook [as .ts] (/home/codad5/workspace/node/fd/node_modules/ts-node-dev/lib/hook.js:63:13)
    at Module.load (node:internal/modules/cjs/loader:1103:32)
    at Function.Module._load (node:internal/modules/cjs/loader:942:12)
2023-03-03 09:00:18 error: uncaughtException: ⨯ Unable to compile TypeScript:
src/controllers/signup.ts(26,12): error TS1109: Expression expected.

Error: ⨯ Unable to compile TypeScript:
src/controllers/signup.ts(26,12): error TS1109: Expression expected.

    at Object.<anonymous> (/home/codad5/workspace/node/fd/src/controllers/signup.ts:1:7)
    at Module._compile (node:internal/modules/cjs/loader:1246:14)
    at Module._compile (/home/codad5/workspace/node/fd/node_modules/source-map-support/source-map-support.js:521:25)
    at Module.m._compile (/tmp/ts-node-dev-hook-03528978843290109.js:69:33)
    at Module._extensions..js (node:internal/modules/cjs/loader:1300:10)
    at require.extensions..jsx.require.extensions..js (/tmp/ts-node-dev-hook-03528978843290109.js:114:20)
    at require.extensions.<computed> (/tmp/ts-node-dev-hook-03528978843290109.js:71:20)
    at Object.nodeDevHook [as .ts] (/home/codad5/workspace/node/fd/node_modules/ts-node-dev/lib/hook.js:63:13)
    at Module.load (node:internal/modules/cjs/loader:1103:32)
    at Function.Module._load (node:internal/modules/cjs/loader:942:12)
2023-03-03 09:00:21 error: uncaughtException: ⨯ Unable to compile TypeScript:
src/controllers/signup.ts(19,58): error TS2304: Cannot find name 'returnerrorJson'.
src/controllers/signup.ts(26,12): error TS1109: Expression expected.

Error: ⨯ Unable to compile TypeScript:
src/controllers/signup.ts(19,58): error TS2304: Cannot find name 'returnerrorJson'.
src/controllers/signup.ts(26,12): error TS1109: Expression expected.

    at Object.<anonymous> (/home/codad5/workspace/node/fd/src/controllers/signup.ts:1:7)
    at Module._compile (node:internal/modules/cjs/loader:1246:14)
    at Module._compile (/home/codad5/workspace/node/fd/node_modules/source-map-support/source-map-support.js:521:25)
    at Module.m._compile (/tmp/ts-node-dev-hook-03528978843290109.js:69:33)
    at Module._extensions..js (node:internal/modules/cjs/loader:1300:10)
    at require.extensions..jsx.require.extensions..js (/tmp/ts-node-dev-hook-03528978843290109.js:114:20)
    at require.extensions.<computed> (/tmp/ts-node-dev-hook-03528978843290109.js:71:20)
    at Object.nodeDevHook [as .ts] (/home/codad5/workspace/node/fd/node_modules/ts-node-dev/lib/hook.js:63:13)
    at Module.load (node:internal/modules/cjs/loader:1103:32)
    at Function.Module._load (node:internal/modules/cjs/loader:942:12)
2023-03-03 09:00:27 error: uncaughtException: ⨯ Unable to compile TypeScript:
src/controllers/signup.ts(26,12): error TS1109: Expression expected.

Error: ⨯ Unable to compile TypeScript:
src/controllers/signup.ts(26,12): error TS1109: Expression expected.

    at Object.<anonymous> (/home/codad5/workspace/node/fd/src/controllers/signup.ts:1:7)
    at Module._compile (node:internal/modules/cjs/loader:1246:14)
    at Module._compile (/home/codad5/workspace/node/fd/node_modules/source-map-support/source-map-support.js:521:25)
    at Module.m._compile (/tmp/ts-node-dev-hook-03528978843290109.js:69:33)
    at Module._extensions..js (node:internal/modules/cjs/loader:1300:10)
    at require.extensions..jsx.require.extensions..js (/tmp/ts-node-dev-hook-03528978843290109.js:114:20)
    at require.extensions.<computed> (/tmp/ts-node-dev-hook-03528978843290109.js:71:20)
    at Object.nodeDevHook [as .ts] (/home/codad5/workspace/node/fd/node_modules/ts-node-dev/lib/hook.js:63:13)
    at Module.load (node:internal/modules/cjs/loader:1103:32)
    at Function.Module._load (node:internal/modules/cjs/loader:942:12)
2023-03-03 09:00:32 error: uncaughtException: ⨯ Unable to compile TypeScript:
src/controllers/signup.ts(26,12): error TS1109: Expression expected.

Error: ⨯ Unable to compile TypeScript:
src/controllers/signup.ts(26,12): error TS1109: Expression expected.

    at Object.<anonymous> (/home/codad5/workspace/node/fd/src/controllers/signup.ts:1:7)
    at Module._compile (node:internal/modules/cjs/loader:1246:14)
    at Module._compile (/home/codad5/workspace/node/fd/node_modules/source-map-support/source-map-support.js:521:25)
    at Module.m._compile (/tmp/ts-node-dev-hook-03528978843290109.js:69:33)
    at Module._extensions..js (node:internal/modules/cjs/loader:1300:10)
    at require.extensions..jsx.require.extensions..js (/tmp/ts-node-dev-hook-03528978843290109.js:114:20)
    at require.extensions.<computed> (/tmp/ts-node-dev-hook-03528978843290109.js:71:20)
    at Object.nodeDevHook [as .ts] (/home/codad5/workspace/node/fd/node_modules/ts-node-dev/lib/hook.js:63:13)
    at Module.load (node:internal/modules/cjs/loader:1103:32)
    at Function.Module._load (node:internal/modules/cjs/loader:942:12)
2023-03-03 09:00:50 error: uncaughtException: ⨯ Unable to compile TypeScript:
src/controllers/signup.ts(26,12): error TS1109: Expression expected.

Error: ⨯ Unable to compile TypeScript:
src/controllers/signup.ts(26,12): error TS1109: Expression expected.

    at Object.<anonymous> (/home/codad5/workspace/node/fd/src/controllers/signup.ts:1:7)
    at Module._compile (node:internal/modules/cjs/loader:1246:14)
    at Module._compile (/home/codad5/workspace/node/fd/node_modules/source-map-support/source-map-support.js:521:25)
    at Module.m._compile (/tmp/ts-node-dev-hook-03528978843290109.js:69:33)
    at Module._extensions..js (node:internal/modules/cjs/loader:1300:10)
    at require.extensions..jsx.require.extensions..js (/tmp/ts-node-dev-hook-03528978843290109.js:114:20)
    at require.extensions.<computed> (/tmp/ts-node-dev-hook-03528978843290109.js:71:20)
    at Object.nodeDevHook [as .ts] (/home/codad5/workspace/node/fd/node_modules/ts-node-dev/lib/hook.js:63:13)
    at Module.load (node:internal/modules/cjs/loader:1103:32)
    at Function.Module._load (node:internal/modules/cjs/loader:942:12)
2023-03-03 09:00:53 error: uncaughtException: ⨯ Unable to compile TypeScript:
src/controllers/signup.ts(26,12): error TS1345: An expression of type 'void' cannot be tested for truthiness.

Error: ⨯ Unable to compile TypeScript:
src/controllers/signup.ts(26,12): error TS1345: An expression of type 'void' cannot be tested for truthiness.

    at Object.<anonymous> (/home/codad5/workspace/node/fd/src/controllers/signup.ts:1:7)
    at Module._compile (node:internal/modules/cjs/loader:1246:14)
    at Module._compile (/home/codad5/workspace/node/fd/node_modules/source-map-support/source-map-support.js:521:25)
    at Module.m._compile (/tmp/ts-node-dev-hook-03528978843290109.js:69:33)
    at Module._extensions..js (node:internal/modules/cjs/loader:1300:10)
    at require.extensions..jsx.require.extensions..js (/tmp/ts-node-dev-hook-03528978843290109.js:114:20)
    at require.extensions.<computed> (/tmp/ts-node-dev-hook-03528978843290109.js:71:20)
    at Object.nodeDevHook [as .ts] (/home/codad5/workspace/node/fd/node_modules/ts-node-dev/lib/hook.js:63:13)
    at Module.load (node:internal/modules/cjs/loader:1103:32)
    at Function.Module._load (node:internal/modules/cjs/loader:942:12)
2023-03-03 09:00:57 error: uncaughtException: ⨯ Unable to compile TypeScript:
src/controllers/signup.ts(26,12): error TS1109: Expression expected.

Error: ⨯ Unable to compile TypeScript:
src/controllers/signup.ts(26,12): error TS1109: Expression expected.

    at Object.<anonymous> (/home/codad5/workspace/node/fd/src/controllers/signup.ts:1:7)
    at Module._compile (node:internal/modules/cjs/loader:1246:14)
    at Module._compile (/home/codad5/workspace/node/fd/node_modules/source-map-support/source-map-support.js:521:25)
    at Module.m._compile (/tmp/ts-node-dev-hook-03528978843290109.js:69:33)
    at Module._extensions..js (node:internal/modules/cjs/loader:1300:10)
    at require.extensions..jsx.require.extensions..js (/tmp/ts-node-dev-hook-03528978843290109.js:114:20)
    at require.extensions.<computed> (/tmp/ts-node-dev-hook-03528978843290109.js:71:20)
    at Object.nodeDevHook [as .ts] (/home/codad5/workspace/node/fd/node_modules/ts-node-dev/lib/hook.js:63:13)
    at Module.load (node:internal/modules/cjs/loader:1103:32)
    at Function.Module._load (node:internal/modules/cjs/loader:942:12)
2023-03-03 14:47:22 error: uncaughtException: ⨯ Unable to compile TypeScript:
src/controllers/signup.ts(26,19): error TS2554: Expected 1 arguments, but got 0.

Error: ⨯ Unable to compile TypeScript:
src/controllers/signup.ts(26,19): error TS2554: Expected 1 arguments, but got 0.

    at Object.<anonymous> (/home/codad5/workspace/node/fd/src/controllers/signup.ts:1:7)
    at Module._compile (node:internal/modules/cjs/loader:1246:14)
    at Module._compile (/home/codad5/workspace/node/fd/node_modules/source-map-support/source-map-support.js:521:25)
    at Module.m._compile (/tmp/ts-node-dev-hook-19834025531727528.js:69:33)
    at Module._extensions..js (node:internal/modules/cjs/loader:1300:10)
    at require.extensions..jsx.require.extensions..js (/tmp/ts-node-dev-hook-19834025531727528.js:114:20)
    at require.extensions.<computed> (/tmp/ts-node-dev-hook-19834025531727528.js:71:20)
    at Object.nodeDevHook [as .ts] (/home/codad5/workspace/node/fd/node_modules/ts-node-dev/lib/hook.js:63:13)
    at Module.load (node:internal/modules/cjs/loader:1103:32)
    at Function.Module._load (node:internal/modules/cjs/loader:942:12)
2023-03-03 14:48:37 error: uncaughtException: Cannot find module 'src/controllers/signup'
Require stack:
- /home/codad5/workspace/node/fd/src/routes/user.ts
- /home/codad5/workspace/node/fd/src/server.ts
Error: Cannot find module 'src/controllers/signup'
Require stack:
- /home/codad5/workspace/node/fd/src/routes/user.ts
- /home/codad5/workspace/node/fd/src/server.ts
    at Function.Module._resolveFilename (node:internal/modules/cjs/loader:1060:15)
    at Function.Module._load (node:internal/modules/cjs/loader:905:27)
    at Module.require (node:internal/modules/cjs/loader:1127:19)
    at require (node:internal/modules/helpers:112:18)
    at Object.<anonymous> (/home/codad5/workspace/node/fd/src/routes/user.ts:3:1)
    at Module._compile (node:internal/modules/cjs/loader:1246:14)
    at Module._compile (/home/codad5/workspace/node/fd/node_modules/source-map-support/source-map-support.js:521:25)
    at Module.m._compile (/tmp/ts-node-dev-hook-19834025531727528.js:69:33)
    at Module._extensions..js (node:internal/modules/cjs/loader:1300:10)
    at require.extensions..jsx.require.extensions..js (/tmp/ts-node-dev-hook-19834025531727528.js:114:20)
2023-03-03 14:49:40 error: uncaughtException: Cannot find module '@controllers/signup'
Require stack:
- /home/codad5/workspace/node/fd/src/routes/user.ts
- /home/codad5/workspace/node/fd/src/server.ts
Error: Cannot find module '@controllers/signup'
Require stack:
- /home/codad5/workspace/node/fd/src/routes/user.ts
- /home/codad5/workspace/node/fd/src/server.ts
    at Function.Module._resolveFilename (node:internal/modules/cjs/loader:1060:15)
    at Function.Module._load (node:internal/modules/cjs/loader:905:27)
    at Module.require (node:internal/modules/cjs/loader:1127:19)
    at require (node:internal/modules/helpers:112:18)
    at Object.<anonymous> (/home/codad5/workspace/node/fd/src/routes/user.ts:3:1)
    at Module._compile (node:internal/modules/cjs/loader:1246:14)
    at Module._compile (/home/codad5/workspace/node/fd/node_modules/source-map-support/source-map-support.js:521:25)
    at Module.m._compile (/tmp/ts-node-dev-hook-562173111324852.js:69:33)
    at Module._extensions..js (node:internal/modules/cjs/loader:1300:10)
    at require.extensions..jsx.require.extensions..js (/tmp/ts-node-dev-hook-562173111324852.js:114:20)
2023-03-03 14:50:03 error: uncaughtException: Cannot find module '@controllers/signup'
Require stack:
- /home/codad5/workspace/node/fd/src/routes/user.ts
- /home/codad5/workspace/node/fd/src/server.ts
Error: Cannot find module '@controllers/signup'
Require stack:
- /home/codad5/workspace/node/fd/src/routes/user.ts
- /home/codad5/workspace/node/fd/src/server.ts
    at Function.Module._resolveFilename (node:internal/modules/cjs/loader:1060:15)
    at Function.Module._load (node:internal/modules/cjs/loader:905:27)
    at Module.require (node:internal/modules/cjs/loader:1127:19)
    at require (node:internal/modules/helpers:112:18)
    at Object.<anonymous> (/home/codad5/workspace/node/fd/src/routes/user.ts:3:1)
    at Module._compile (node:internal/modules/cjs/loader:1246:14)
    at Module._compile (/home/codad5/workspace/node/fd/node_modules/source-map-support/source-map-support.js:521:25)
    at Module.m._compile (/tmp/ts-node-dev-hook-570528172347508.js:69:33)
    at Module._extensions..js (node:internal/modules/cjs/loader:1300:10)
    at require.extensions..jsx.require.extensions..js (/tmp/ts-node-dev-hook-570528172347508.js:114:20)
2023-03-03 14:58:13 error: uncaughtException: ⨯ Unable to compile TypeScript:
src/controllers/signup.ts(26,22): error TS1003: Identifier expected.

Error: ⨯ Unable to compile TypeScript:
src/controllers/signup.ts(26,22): error TS1003: Identifier expected.

    at Object.<anonymous> (/home/codad5/workspace/node/fd/src/controllers/signup.ts:1:7)
    at Module._compile (node:internal/modules/cjs/loader:1246:14)
    at Module._compile (/home/codad5/workspace/node/fd/node_modules/source-map-support/source-map-support.js:521:25)
    at Module.m._compile (/tmp/ts-node-dev-hook-49382958871439575.js:69:33)
    at Module._extensions..js (node:internal/modules/cjs/loader:1300:10)
    at require.extensions..jsx.require.extensions..js (/tmp/ts-node-dev-hook-49382958871439575.js:114:20)
    at require.extensions.<computed> (/tmp/ts-node-dev-hook-49382958871439575.js:71:20)
    at Object.nodeDevHook [as .ts] (/home/codad5/workspace/node/fd/node_modules/ts-node-dev/lib/hook.js:63:13)
    at Module.load (node:internal/modules/cjs/loader:1103:32)
    at Function.Module._load (node:internal/modules/cjs/loader:942:12)
2023-03-03 14:58:22 error: uncaughtException: ⨯ Unable to compile TypeScript:
src/controllers/signup.ts(26,22): error TS2554: Expected 1 arguments, but got 0.

Error: ⨯ Unable to compile TypeScript:
src/controllers/signup.ts(26,22): error TS2554: Expected 1 arguments, but got 0.

    at Object.<anonymous> (/home/codad5/workspace/node/fd/src/controllers/signup.ts:1:7)
    at Module._compile (node:internal/modules/cjs/loader:1246:14)
    at Module._compile (/home/codad5/workspace/node/fd/node_modules/source-map-support/source-map-support.js:521:25)
    at Module.m._compile (/tmp/ts-node-dev-hook-49382958871439575.js:69:33)
    at Module._extensions..js (node:internal/modules/cjs/loader:1300:10)
    at require.extensions..jsx.require.extensions..js (/tmp/ts-node-dev-hook-49382958871439575.js:114:20)
    at require.extensions.<computed> (/tmp/ts-node-dev-hook-49382958871439575.js:71:20)
    at Object.nodeDevHook [as .ts] (/home/codad5/workspace/node/fd/node_modules/ts-node-dev/lib/hook.js:63:13)
    at Module.load (node:internal/modules/cjs/loader:1103:32)
    at Function.Module._load (node:internal/modules/cjs/loader:942:12)
2023-03-03 14:58:40 error: uncaughtException: ⨯ Unable to compile TypeScript:
src/controllers/signup.ts(26,63): error TS2304: Cannot find name 'er'.

Error: ⨯ Unable to compile TypeScript:
src/controllers/signup.ts(26,63): error TS2304: Cannot find name 'er'.

    at Object.<anonymous> (/home/codad5/workspace/node/fd/src/controllers/signup.ts:1:7)
    at Module._compile (node:internal/modules/cjs/loader:1246:14)
    at Module._compile (/home/codad5/workspace/node/fd/node_modules/source-map-support/source-map-support.js:521:25)
    at Module.m._compile (/tmp/ts-node-dev-hook-49382958871439575.js:69:33)
    at Module._extensions..js (node:internal/modules/cjs/loader:1300:10)
    at require.extensions..jsx.require.extensions..js (/tmp/ts-node-dev-hook-49382958871439575.js:114:20)
    at require.extensions.<computed> (/tmp/ts-node-dev-hook-49382958871439575.js:71:20)
    at Object.nodeDevHook [as .ts] (/home/codad5/workspace/node/fd/node_modules/ts-node-dev/lib/hook.js:63:13)
    at Module.load (node:internal/modules/cjs/loader:1103:32)
    at Function.Module._load (node:internal/modules/cjs/loader:942:12)
2023-03-03 14:58:50 error: uncaughtException: ⨯ Unable to compile TypeScript:
src/controllers/signup.ts(26,63): error TS2739: Type '{}' is missing the following properties from type 'UserSignupErrorResponse': name, phone

Error: ⨯ Unable to compile TypeScript:
src/controllers/signup.ts(26,63): error TS2739: Type '{}' is missing the following properties from type 'UserSignupErrorResponse': name, phone

    at Object.<anonymous> (/home/codad5/workspace/node/fd/src/controllers/signup.ts:1:7)
    at Module._compile (node:internal/modules/cjs/loader:1246:14)
    at Module._compile (/home/codad5/workspace/node/fd/node_modules/source-map-support/source-map-support.js:521:25)
    at Module.m._compile (/tmp/ts-node-dev-hook-49382958871439575.js:69:33)
    at Module._extensions..js (node:internal/modules/cjs/loader:1300:10)
    at require.extensions..jsx.require.extensions..js (/tmp/ts-node-dev-hook-49382958871439575.js:114:20)
    at require.extensions.<computed> (/tmp/ts-node-dev-hook-49382958871439575.js:71:20)
    at Object.nodeDevHook [as .ts] (/home/codad5/workspace/node/fd/node_modules/ts-node-dev/lib/hook.js:63:13)
    at Module.load (node:internal/modules/cjs/loader:1103:32)
    at Function.Module._load (node:internal/modules/cjs/loader:942:12)
2023-03-03 14:58:57 error: uncaughtException: ⨯ Unable to compile TypeScript:
src/controllers/signup.ts(26,63): error TS2741: Property 'phone' is missing in type '{ name: any; }' but required in type 'UserSignupErrorResponse'.
src/controllers/signup.ts(28,9): error TS1109: Expression expected.

Error: ⨯ Unable to compile TypeScript:
src/controllers/signup.ts(26,63): error TS2741: Property 'phone' is missing in type '{ name: any; }' but required in type 'UserSignupErrorResponse'.
src/controllers/signup.ts(28,9): error TS1109: Expression expected.

    at Object.<anonymous> (/home/codad5/workspace/node/fd/src/controllers/signup.ts:1:7)
    at Module._compile (node:internal/modules/cjs/loader:1246:14)
    at Module._compile (/home/codad5/workspace/node/fd/node_modules/source-map-support/source-map-support.js:521:25)
    at Module.m._compile (/tmp/ts-node-dev-hook-49382958871439575.js:69:33)
    at Module._extensions..js (node:internal/modules/cjs/loader:1300:10)
    at require.extensions..jsx.require.extensions..js (/tmp/ts-node-dev-hook-49382958871439575.js:114:20)
    at require.extensions.<computed> (/tmp/ts-node-dev-hook-49382958871439575.js:71:20)
    at Object.nodeDevHook [as .ts] (/home/codad5/workspace/node/fd/node_modules/ts-node-dev/lib/hook.js:63:13)
    at Module.load (node:internal/modules/cjs/loader:1103:32)
    at Function.Module._load (node:internal/modules/cjs/loader:942:12)
2023-03-03 14:59:22 error: uncaughtException: ⨯ Unable to compile TypeScript:
src/controllers/signup.ts(30,13): error TS2322: Type '{ name: string; phone: string; email: string; message: string; errorInput: signupField[]; }' is not assignable to type 'UserSignupErrorResponse'.
  Object literal may only specify known properties, and 'message' does not exist in type 'UserSignupErrorResponse'.
src/controllers/signup.ts(31,13): error TS1005: ',' expected.

Error: ⨯ Unable to compile TypeScript:
src/controllers/signup.ts(30,13): error TS2322: Type '{ name: string; phone: string; email: string; message: string; errorInput: signupField[]; }' is not assignable to type 'UserSignupErrorResponse'.
  Object literal may only specify known properties, and 'message' does not exist in type 'UserSignupErrorResponse'.
src/controllers/signup.ts(31,13): error TS1005: ',' expected.

    at Object.<anonymous> (/home/codad5/workspace/node/fd/src/controllers/signup.ts:1:7)
    at Module._compile (node:internal/modules/cjs/loader:1246:14)
    at Module._compile (/home/codad5/workspace/node/fd/node_modules/source-map-support/source-map-support.js:521:25)
    at Module.m._compile (/tmp/ts-node-dev-hook-49382958871439575.js:69:33)
    at Module._extensions..js (node:internal/modules/cjs/loader:1300:10)
    at require.extensions..jsx.require.extensions..js (/tmp/ts-node-dev-hook-49382958871439575.js:114:20)
    at require.extensions.<computed> (/tmp/ts-node-dev-hook-49382958871439575.js:71:20)
    at Object.nodeDevHook [as .ts] (/home/codad5/workspace/node/fd/node_modules/ts-node-dev/lib/hook.js:63:13)
    at Module.load (node:internal/modules/cjs/loader:1103:32)
    at Function.Module._load (node:internal/modules/cjs/loader:942:12)
2023-03-03 14:59:33 error: uncaughtException: ⨯ Unable to compile TypeScript:
src/controllers/signup.ts(30,13): error TS2322: Type '{ name: string; phone: string; email: string; message: string; errorInput: signupField[]; }' is not assignable to type 'UserSignupErrorResponse'.
  Object literal may only specify known properties, and 'message' does not exist in type 'UserSignupErrorResponse'.

Error: ⨯ Unable to compile TypeScript:
src/controllers/signup.ts(30,13): error TS2322: Type '{ name: string; phone: string; email: string; message: string; errorInput: signupField[]; }' is not assignable to type 'UserSignupErrorResponse'.
  Object literal may only specify known properties, and 'message' does not exist in type 'UserSignupErrorResponse'.

    at Object.<anonymous> (/home/codad5/workspace/node/fd/src/controllers/signup.ts:1:7)
    at Module._compile (node:internal/modules/cjs/loader:1246:14)
    at Module._compile (/home/codad5/workspace/node/fd/node_modules/source-map-support/source-map-support.js:521:25)
    at Module.m._compile (/tmp/ts-node-dev-hook-49382958871439575.js:69:33)
    at Module._extensions..js (node:internal/modules/cjs/loader:1300:10)
    at require.extensions..jsx.require.extensions..js (/tmp/ts-node-dev-hook-49382958871439575.js:114:20)
    at require.extensions.<computed> (/tmp/ts-node-dev-hook-49382958871439575.js:71:20)
    at Object.nodeDevHook [as .ts] (/home/codad5/workspace/node/fd/node_modules/ts-node-dev/lib/hook.js:63:13)
    at Module.load (node:internal/modules/cjs/loader:1103:32)
    at Function.Module._load (node:internal/modules/cjs/loader:942:12)
2023-03-03 15:02:13 error: uncaughtException: ⨯ Unable to compile TypeScript:
src/routes/user.ts(25,81): error TS1003: Identifier expected.

Error: ⨯ Unable to compile TypeScript:
src/routes/user.ts(25,81): error TS1003: Identifier expected.

    at Object.<anonymous> (/home/codad5/workspace/node/fd/src/routes/user.ts:1:7)
    at Module._compile (node:internal/modules/cjs/loader:1246:14)
    at Module._compile (/home/codad5/workspace/node/fd/node_modules/source-map-support/source-map-support.js:521:25)
    at Module.m._compile (/tmp/ts-node-dev-hook-49382958871439575.js:69:33)
    at Module._extensions..js (node:internal/modules/cjs/loader:1300:10)
    at require.extensions..jsx.require.extensions..js (/tmp/ts-node-dev-hook-49382958871439575.js:114:20)
    at require.extensions.<computed> (/tmp/ts-node-dev-hook-49382958871439575.js:71:20)
    at Object.nodeDevHook [as .ts] (/home/codad5/workspace/node/fd/node_modules/ts-node-dev/lib/hook.js:63:13)
    at Module.load (node:internal/modules/cjs/loader:1103:32)
    at Function.Module._load (node:internal/modules/cjs/loader:942:12)
2023-03-03 15:03:15 error: uncaughtException: ⨯ Unable to compile TypeScript:
src/routes/user.ts(24,20): error TS2552: Cannot find name 'signup'. Did you mean 'signp'?

Error: ⨯ Unable to compile TypeScript:
src/routes/user.ts(24,20): error TS2552: Cannot find name 'signup'. Did you mean 'signp'?

    at Object.<anonymous> (/home/codad5/workspace/node/fd/src/routes/user.ts:1:7)
    at Module._compile (node:internal/modules/cjs/loader:1246:14)
    at Module._compile (/home/codad5/workspace/node/fd/node_modules/source-map-support/source-map-support.js:521:25)
    at Module.m._compile (/tmp/ts-node-dev-hook-49382958871439575.js:69:33)
    at Module._extensions..js (node:internal/modules/cjs/loader:1300:10)
    at require.extensions..jsx.require.extensions..js (/tmp/ts-node-dev-hook-49382958871439575.js:114:20)
    at require.extensions.<computed> (/tmp/ts-node-dev-hook-49382958871439575.js:71:20)
    at Object.nodeDevHook [as .ts] (/home/codad5/workspace/node/fd/node_modules/ts-node-dev/lib/hook.js:63:13)
    at Module.load (node:internal/modules/cjs/loader:1103:32)
    at Function.Module._load (node:internal/modules/cjs/loader:942:12)
2023-03-03 15:03:55 error: uncaughtException: ⨯ Unable to compile TypeScript:
src/controllers/signup.ts(3,34): error TS2306: File '/home/codad5/workspace/node/fd/src/types/field.ts' is not a module.

Error: ⨯ Unable to compile TypeScript:
src/controllers/signup.ts(3,34): error TS2306: File '/home/codad5/workspace/node/fd/src/types/field.ts' is not a module.

    at Object.<anonymous> (/home/codad5/workspace/node/fd/src/controllers/signup.ts:1:7)
    at Module._compile (node:internal/modules/cjs/loader:1246:14)
    at Module._compile (/home/codad5/workspace/node/fd/node_modules/source-map-support/source-map-support.js:521:25)
    at Module.m._compile (/tmp/ts-node-dev-hook-49382958871439575.js:69:33)
    at Module._extensions..js (node:internal/modules/cjs/loader:1300:10)
    at require.extensions..jsx.require.extensions..js (/tmp/ts-node-dev-hook-49382958871439575.js:114:20)
    at require.extensions.<computed> (/tmp/ts-node-dev-hook-49382958871439575.js:71:20)
    at Object.nodeDevHook [as .ts] (/home/codad5/workspace/node/fd/node_modules/ts-node-dev/lib/hook.js:63:13)
    at Module.load (node:internal/modules/cjs/loader:1103:32)
    at Function.Module._load (node:internal/modules/cjs/loader:942:12)
2023-03-03 15:04:20 error: uncaughtException: ⨯ Unable to compile TypeScript:
src/controllers/signup.ts(3,34): error TS2306: File '/home/codad5/workspace/node/fd/src/types/field.ts' is not a module.

Error: ⨯ Unable to compile TypeScript:
src/controllers/signup.ts(3,34): error TS2306: File '/home/codad5/workspace/node/fd/src/types/field.ts' is not a module.

    at Object.<anonymous> (/home/codad5/workspace/node/fd/src/controllers/signup.ts:1:7)
    at Module._compile (node:internal/modules/cjs/loader:1246:14)
    at Module._compile (/home/codad5/workspace/node/fd/node_modules/source-map-support/source-map-support.js:521:25)
    at Module.m._compile (/tmp/ts-node-dev-hook-49382958871439575.js:69:33)
    at Module._extensions..js (node:internal/modules/cjs/loader:1300:10)
    at require.extensions..jsx.require.extensions..js (/tmp/ts-node-dev-hook-49382958871439575.js:114:20)
    at require.extensions.<computed> (/tmp/ts-node-dev-hook-49382958871439575.js:71:20)
    at Object.nodeDevHook [as .ts] (/home/codad5/workspace/node/fd/node_modules/ts-node-dev/lib/hook.js:63:13)
    at Module.load (node:internal/modules/cjs/loader:1103:32)
    at Function.Module._load (node:internal/modules/cjs/loader:942:12)
2023-03-03 15:04:24 error: uncaughtException: ⨯ Unable to compile TypeScript:
src/controllers/signup.ts(3,34): error TS2306: File '/home/codad5/workspace/node/fd/src/types/field.ts' is not a module.

Error: ⨯ Unable to compile TypeScript:
src/controllers/signup.ts(3,34): error TS2306: File '/home/codad5/workspace/node/fd/src/types/field.ts' is not a module.

    at Object.<anonymous> (/home/codad5/workspace/node/fd/src/controllers/signup.ts:1:7)
    at Module._compile (node:internal/modules/cjs/loader:1246:14)
    at Module._compile (/home/codad5/workspace/node/fd/node_modules/source-map-support/source-map-support.js:521:25)
    at Module.m._compile (/tmp/ts-node-dev-hook-49382958871439575.js:69:33)
    at Module._extensions..js (node:internal/modules/cjs/loader:1300:10)
    at require.extensions..jsx.require.extensions..js (/tmp/ts-node-dev-hook-49382958871439575.js:114:20)
    at require.extensions.<computed> (/tmp/ts-node-dev-hook-49382958871439575.js:71:20)
    at Object.nodeDevHook [as .ts] (/home/codad5/workspace/node/fd/node_modules/ts-node-dev/lib/hook.js:63:13)
    at Module.load (node:internal/modules/cjs/loader:1103:32)
    at Function.Module._load (node:internal/modules/cjs/loader:942:12)
2023-03-03 15:04:48 error: uncaughtException: ⨯ Unable to compile TypeScript:
src/controllers/signup.ts(35,12): error TS2304: Cannot find name 'ema'.

Error: ⨯ Unable to compile TypeScript:
src/controllers/signup.ts(35,12): error TS2304: Cannot find name 'ema'.

    at Object.<anonymous> (/home/codad5/workspace/node/fd/src/controllers/signup.ts:1:7)
    at Module._compile (node:internal/modules/cjs/loader:1246:14)
    at Module._compile (/home/codad5/workspace/node/fd/node_modules/source-map-support/source-map-support.js:521:25)
    at Module.m._compile (/tmp/ts-node-dev-hook-49382958871439575.js:69:33)
    at Module._extensions..js (node:internal/modules/cjs/loader:1300:10)
    at require.extensions..jsx.require.extensions..js (/tmp/ts-node-dev-hook-49382958871439575.js:114:20)
    at require.extensions.<computed> (/tmp/ts-node-dev-hook-49382958871439575.js:71:20)
    at Object.nodeDevHook [as .ts] (/home/codad5/workspace/node/fd/node_modules/ts-node-dev/lib/hook.js:63:13)
    at Module.load (node:internal/modules/cjs/loader:1103:32)
    at Function.Module._load (node:internal/modules/cjs/loader:942:12)
2023-03-03 15:04:52 error: uncaughtException: ⨯ Unable to compile TypeScript:
src/controllers/signup.ts(35,23): error TS2304: Cannot find name 'and'.
src/controllers/signup.ts(35,23): error TS1005: ')' expected.
src/controllers/signup.ts(35,27): error TS1128: Declaration or statement expected.

Error: ⨯ Unable to compile TypeScript:
src/controllers/signup.ts(35,23): error TS2304: Cannot find name 'and'.
src/controllers/signup.ts(35,23): error TS1005: ')' expected.
src/controllers/signup.ts(35,27): error TS1128: Declaration or statement expected.

    at Object.<anonymous> (/home/codad5/workspace/node/fd/src/controllers/signup.ts:1:7)
    at Module._compile (node:internal/modules/cjs/loader:1246:14)
    at Module._compile (/home/codad5/workspace/node/fd/node_modules/source-map-support/source-map-support.js:521:25)
    at Module.m._compile (/tmp/ts-node-dev-hook-49382958871439575.js:69:33)
    at Module._extensions..js (node:internal/modules/cjs/loader:1300:10)
    at require.extensions..jsx.require.extensions..js (/tmp/ts-node-dev-hook-49382958871439575.js:114:20)
    at require.extensions.<computed> (/tmp/ts-node-dev-hook-49382958871439575.js:71:20)
    at Object.nodeDevHook [as .ts] (/home/codad5/workspace/node/fd/node_modules/ts-node-dev/lib/hook.js:63:13)
    at Module.load (node:internal/modules/cjs/loader:1103:32)
    at Function.Module._load (node:internal/modules/cjs/loader:942:12)
2023-03-03 15:04:58 error: uncaughtException: ⨯ Unable to compile TypeScript:
src/controllers/signup.ts(35,26): error TS1109: Expression expected.

Error: ⨯ Unable to compile TypeScript:
src/controllers/signup.ts(35,26): error TS1109: Expression expected.

    at Object.<anonymous> (/home/codad5/workspace/node/fd/src/controllers/signup.ts:1:7)
    at Module._compile (node:internal/modules/cjs/loader:1246:14)
    at Module._compile (/home/codad5/workspace/node/fd/node_modules/source-map-support/source-map-support.js:521:25)
    at Module.m._compile (/tmp/ts-node-dev-hook-49382958871439575.js:69:33)
    at Module._extensions..js (node:internal/modules/cjs/loader:1300:10)
    at require.extensions..jsx.require.extensions..js (/tmp/ts-node-dev-hook-49382958871439575.js:114:20)
    at require.extensions.<computed> (/tmp/ts-node-dev-hook-49382958871439575.js:71:20)
    at Object.nodeDevHook [as .ts] (/home/codad5/workspace/node/fd/node_modules/ts-node-dev/lib/hook.js:63:13)
    at Module.load (node:internal/modules/cjs/loader:1103:32)
    at Function.Module._load (node:internal/modules/cjs/loader:942:12)
2023-03-03 15:05:04 error: uncaughtException: ⨯ Unable to compile TypeScript:
src/controllers/signup.ts(35,26): error TS2774: This condition will always return true since this function is always defined. Did you mean to call it instead?

Error: ⨯ Unable to compile TypeScript:
src/controllers/signup.ts(35,26): error TS2774: This condition will always return true since this function is always defined. Did you mean to call it instead?

    at Object.<anonymous> (/home/codad5/workspace/node/fd/src/controllers/signup.ts:1:7)
    at Module._compile (node:internal/modules/cjs/loader:1246:14)
    at Module._compile (/home/codad5/workspace/node/fd/node_modules/source-map-support/source-map-support.js:521:25)
    at Module.m._compile (/tmp/ts-node-dev-hook-49382958871439575.js:69:33)
    at Module._extensions..js (node:internal/modules/cjs/loader:1300:10)
    at require.extensions..jsx.require.extensions..js (/tmp/ts-node-dev-hook-49382958871439575.js:114:20)
    at require.extensions.<computed> (/tmp/ts-node-dev-hook-49382958871439575.js:71:20)
    at Object.nodeDevHook [as .ts] (/home/codad5/workspace/node/fd/node_modules/ts-node-dev/lib/hook.js:63:13)
    at Module.load (node:internal/modules/cjs/loader:1103:32)
    at Function.Module._load (node:internal/modules/cjs/loader:942:12)
2023-03-03 15:05:13 error: uncaughtException: ⨯ Unable to compile TypeScript:
src/controllers/signup.ts(35,50): error TS2304: Cannot find name 'th'.

Error: ⨯ Unable to compile TypeScript:
src/controllers/signup.ts(35,50): error TS2304: Cannot find name 'th'.

    at Object.<anonymous> (/home/codad5/workspace/node/fd/src/controllers/signup.ts:1:7)
    at Module._compile (node:internal/modules/cjs/loader:1246:14)
    at Module._compile (/home/codad5/workspace/node/fd/node_modules/source-map-support/source-map-support.js:521:25)
    at Module.m._compile (/tmp/ts-node-dev-hook-49382958871439575.js:69:33)
    at Module._extensions..js (node:internal/modules/cjs/loader:1300:10)
    at require.extensions..jsx.require.extensions..js (/tmp/ts-node-dev-hook-49382958871439575.js:114:20)
    at require.extensions.<computed> (/tmp/ts-node-dev-hook-49382958871439575.js:71:20)
    at Object.nodeDevHook [as .ts] (/home/codad5/workspace/node/fd/node_modules/ts-node-dev/lib/hook.js:63:13)
    at Module.load (node:internal/modules/cjs/loader:1103:32)
    at Function.Module._load (node:internal/modules/cjs/loader:942:12)
2023-03-03 15:09:25 error: uncaughtException: ⨯ Unable to compile TypeScript:
src/controllers/signup.ts(19,13): error TS2322: Type 'null' is not assignable to type 'UserSignupErrorResponse'.

Error: ⨯ Unable to compile TypeScript:
src/controllers/signup.ts(19,13): error TS2322: Type 'null' is not assignable to type 'UserSignupErrorResponse'.

    at Object.<anonymous> (/home/codad5/workspace/node/fd/src/controllers/signup.ts:1:7)
    at Module._compile (node:internal/modules/cjs/loader:1246:14)
    at Module._compile (/home/codad5/workspace/node/fd/node_modules/source-map-support/source-map-support.js:521:25)
    at Module.m._compile (/tmp/ts-node-dev-hook-6513432483578017.js:69:33)
    at Module._extensions..js (node:internal/modules/cjs/loader:1300:10)
    at require.extensions..jsx.require.extensions..js (/tmp/ts-node-dev-hook-6513432483578017.js:114:20)
    at require.extensions.<computed> (/tmp/ts-node-dev-hook-6513432483578017.js:71:20)
    at Object.nodeDevHook [as .ts] (/home/codad5/workspace/node/fd/node_modules/ts-node-dev/lib/hook.js:63:13)
    at Module.load (node:internal/modules/cjs/loader:1103:32)
    at Function.Module._load (node:internal/modules/cjs/loader:942:12)
2023-03-03 15:09:38 error: uncaughtException: ⨯ Unable to compile TypeScript:
src/controllers/signup.ts(23,13): error TS1005: ',' expected.

Error: ⨯ Unable to compile TypeScript:
src/controllers/signup.ts(23,13): error TS1005: ',' expected.

    at Object.<anonymous> (/home/codad5/workspace/node/fd/src/controllers/signup.ts:1:7)
    at Module._compile (node:internal/modules/cjs/loader:1246:14)
    at Module._compile (/home/codad5/workspace/node/fd/node_modules/source-map-support/source-map-support.js:521:25)
    at Module.m._compile (/tmp/ts-node-dev-hook-6513432483578017.js:69:33)
    at Module._extensions..js (node:internal/modules/cjs/loader:1300:10)
    at require.extensions..jsx.require.extensions..js (/tmp/ts-node-dev-hook-6513432483578017.js:114:20)
    at require.extensions.<computed> (/tmp/ts-node-dev-hook-6513432483578017.js:71:20)
    at Object.nodeDevHook [as .ts] (/home/codad5/workspace/node/fd/node_modules/ts-node-dev/lib/hook.js:63:13)
    at Module.load (node:internal/modules/cjs/loader:1103:32)
    at Function.Module._load (node:internal/modules/cjs/loader:942:12)
2023-03-03 15:09:52 error: uncaughtException: write EPIPE
Error: write EPIPE
    at process.target._send (node:internal/child_process:872:20)
    at process.target.send (node:internal/child_process:745:19)
    at Object.exports.send (/home/codad5/workspace/node/fd/node_modules/ts-node-dev/lib/ipc.js:17:14)
    at /home/codad5/workspace/node/fd/node_modules/ts-node-dev/lib/wrap.js:88:9
    at Object.nodeDevHook [as .js] (/home/codad5/workspace/node/fd/node_modules/ts-node-dev/lib/hook.js:61:17)
    at Module.load (node:internal/modules/cjs/loader:1103:32)
    at Function.Module._load (node:internal/modules/cjs/loader:942:12)
    at Module.require (node:internal/modules/cjs/loader:1127:19)
    at require (node:internal/modules/helpers:112:18)
    at Object.<anonymous> (/home/codad5/workspace/node/fd/src/utils/Validator.ts:1:1)
2023-03-03 15:09:53 error: uncaughtException: ⨯ Unable to compile TypeScript:
src/controllers/signup.ts(26,13): error TS2322: Type '{ n: any; errorInput: signupFieldError[]; }' is not assignable to type 'UserSignupErrorResponse'.
  Object literal may only specify known properties, and 'n' does not exist in type 'UserSignupErrorResponse'.
src/controllers/signup.ts(26,13): error TS18004: No value exists in scope for the shorthand property 'n'. Either declare one or provide an initializer.
src/controllers/signup.ts(27,13): error TS1005: ',' expected.

Error: ⨯ Unable to compile TypeScript:
src/controllers/signup.ts(26,13): error TS2322: Type '{ n: any; errorInput: signupFieldError[]; }' is not assignable to type 'UserSignupErrorResponse'.
  Object literal may only specify known properties, and 'n' does not exist in type 'UserSignupErrorResponse'.
src/controllers/signup.ts(26,13): error TS18004: No value exists in scope for the shorthand property 'n'. Either declare one or provide an initializer.
src/controllers/signup.ts(27,13): error TS1005: ',' expected.

    at Object.<anonymous> (/home/codad5/workspace/node/fd/src/controllers/signup.ts:1:7)
    at Module._compile (node:internal/modules/cjs/loader:1246:14)
    at Module._compile (/home/codad5/workspace/node/fd/node_modules/source-map-support/source-map-support.js:521:25)
    at Module.m._compile (/tmp/ts-node-dev-hook-6513432483578017.js:69:33)
    at Module._extensions..js (node:internal/modules/cjs/loader:1300:10)
    at require.extensions..jsx.require.extensions..js (/tmp/ts-node-dev-hook-6513432483578017.js:114:20)
    at require.extensions.<computed> (/tmp/ts-node-dev-hook-6513432483578017.js:71:20)
    at Object.nodeDevHook [as .ts] (/home/codad5/workspace/node/fd/node_modules/ts-node-dev/lib/hook.js:63:13)
    at Module.load (node:internal/modules/cjs/loader:1103:32)
    at Function.Module._load (node:internal/modules/cjs/loader:942:12)
2023-03-03 15:11:10 error: uncaughtException: ⨯ Unable to compile TypeScript:
src/controllers/signup.ts(32,9): error TS2322: Type '{ message: string; errorInput: any; if(this: UserSignupErrorResponse): any; "": any; return: null; name: string; phone: string; email?: string | undefined; }' is not assignable to type 'UserSignupErrorResponse'.
  Object literal may only specify known properties, and 'if' does not exist in type 'UserSignupErrorResponse'.
src/controllers/signup.ts(32,51): error TS2345: Argument of type 'string | undefined' is not assignable to parameter of type 'string'.
  Type 'undefined' is not assignable to type 'string'.
src/controllers/signup.ts(32,9): error TS1109: Expression expected.
src/controllers/signup.ts(32,17): error TS1005: ',' expected.
src/controllers/signup.ts(32,62): error TS1005: ',' expected.
src/controllers/signup.ts(32,71): error TS1005: ':' expected.
src/controllers/signup.ts(41,9): error TS1005: ',' expected.
src/controllers/signup.ts(41,16): error TS1005: ':' expected.
src/controllers/signup.ts(41,20): error TS1005: ',' expected.
src/controllers/signup.ts(43,2): error TS1005: '}' expected.

Error: ⨯ Unable to compile TypeScript:
src/controllers/signup.ts(32,9): error TS2322: Type '{ message: string; errorInput: any; if(this: UserSignupErrorResponse): any; "": any; return: null; name: string; phone: string; email?: string | undefined; }' is not assignable to type 'UserSignupErrorResponse'.
  Object literal may only specify known properties, and 'if' does not exist in type 'UserSignupErrorResponse'.
src/controllers/signup.ts(32,51): error TS2345: Argument of type 'string | undefined' is not assignable to parameter of type 'string'.
  Type 'undefined' is not assignable to type 'string'.
src/controllers/signup.ts(32,9): error TS1109: Expression expected.
src/controllers/signup.ts(32,17): error TS1005: ',' expected.
src/controllers/signup.ts(32,62): error TS1005: ',' expected.
src/controllers/signup.ts(32,71): error TS1005: ':' expected.
src/controllers/signup.ts(41,9): error TS1005: ',' expected.
src/controllers/signup.ts(41,16): error TS1005: ':' expected.
src/controllers/signup.ts(41,20): error TS1005: ',' expected.
src/controllers/signup.ts(43,2): error TS1005: '}' expected.

    at Object.<anonymous> (/home/codad5/workspace/node/fd/src/controllers/signup.ts:1:7)
    at Module._compile (node:internal/modules/cjs/loader:1246:14)
    at Module._compile (/home/codad5/workspace/node/fd/node_modules/source-map-support/source-map-support.js:521:25)
    at Module.m._compile (/tmp/ts-node-dev-hook-6513432483578017.js:69:33)
    at Module._extensions..js (node:internal/modules/cjs/loader:1300:10)
    at require.extensions..jsx.require.extensions..js (/tmp/ts-node-dev-hook-6513432483578017.js:114:20)
    at require.extensions.<computed> (/tmp/ts-node-dev-hook-6513432483578017.js:71:20)
    at Object.nodeDevHook [as .ts] (/home/codad5/workspace/node/fd/node_modules/ts-node-dev/lib/hook.js:63:13)
    at Module.load (node:internal/modules/cjs/loader:1103:32)
    at Function.Module._load (node:internal/modules/cjs/loader:942:12)
2023-03-03 15:11:19 error: uncaughtException: ⨯ Unable to compile TypeScript:
src/controllers/signup.ts(30,13): error TS2322: Type 'string' is not assignable to type 'signupFieldError[]'.
src/controllers/signup.ts(32,51): error TS2345: Argument of type 'string | undefined' is not assignable to parameter of type 'string'.
  Type 'undefined' is not assignable to type 'string'.
src/controllers/signup.ts(32,9): error TS1005: ',' expected.
src/controllers/signup.ts(32,17): error TS1005: ',' expected.
src/controllers/signup.ts(32,62): error TS1005: ',' expected.
src/controllers/signup.ts(32,71): error TS1005: ':' expected.
src/controllers/signup.ts(41,9): error TS1005: ',' expected.
src/controllers/signup.ts(41,16): error TS1005: ':' expected.
src/controllers/signup.ts(41,20): error TS1005: ',' expected.
src/controllers/signup.ts(43,2): error TS1005: '}' expected.

Error: ⨯ Unable to compile TypeScript:
src/controllers/signup.ts(30,13): error TS2322: Type 'string' is not assignable to type 'signupFieldError[]'.
src/controllers/signup.ts(32,51): error TS2345: Argument of type 'string | undefined' is not assignable to parameter of type 'string'.
  Type 'undefined' is not assignable to type 'string'.
src/controllers/signup.ts(32,9): error TS1005: ',' expected.
src/controllers/signup.ts(32,17): error TS1005: ',' expected.
src/controllers/signup.ts(32,62): error TS1005: ',' expected.
src/controllers/signup.ts(32,71): error TS1005: ':' expected.
src/controllers/signup.ts(41,9): error TS1005: ',' expected.
src/controllers/signup.ts(41,16): error TS1005: ':' expected.
src/controllers/signup.ts(41,20): error TS1005: ',' expected.
src/controllers/signup.ts(43,2): error TS1005: '}' expected.

    at Object.<anonymous> (/home/codad5/workspace/node/fd/src/controllers/signup.ts:1:7)
    at Module._compile (node:internal/modules/cjs/loader:1246:14)
    at Module._compile (/home/codad5/workspace/node/fd/node_modules/source-map-support/source-map-support.js:521:25)
    at Module.m._compile (/tmp/ts-node-dev-hook-6513432483578017.js:69:33)
    at Module._extensions..js (node:internal/modules/cjs/loader:1300:10)
    at require.extensions..jsx.require.extensions..js (/tmp/ts-node-dev-hook-6513432483578017.js:114:20)
    at require.extensions.<computed> (/tmp/ts-node-dev-hook-6513432483578017.js:71:20)
    at Object.nodeDevHook [as .ts] (/home/codad5/workspace/node/fd/node_modules/ts-node-dev/lib/hook.js:63:13)
    at Module.load (node:internal/modules/cjs/loader:1103:32)
    at Function.Module._load (node:internal/modules/cjs/loader:942:12)
2023-03-03 15:11:26 error: uncaughtException: ⨯ Unable to compile TypeScript:
src/controllers/signup.ts(32,9): error TS2322: Type '{ message: string; errorInput: "password"[]; if(this: UserSignupErrorResponse): any; "": any; return: null; name: string; phone: string; email?: string | undefined; }' is not assignable to type 'UserSignupErrorResponse'.
  Object literal may only specify known properties, and 'if' does not exist in type 'UserSignupErrorResponse'.
src/controllers/signup.ts(32,51): error TS2345: Argument of type 'string | undefined' is not assignable to parameter of type 'string'.
  Type 'undefined' is not assignable to type 'string'.
src/controllers/signup.ts(32,9): error TS1005: ',' expected.
src/controllers/signup.ts(32,17): error TS1005: ',' expected.
src/controllers/signup.ts(32,62): error TS1005: ',' expected.
src/controllers/signup.ts(32,71): error TS1005: ':' expected.
src/controllers/signup.ts(41,9): error TS1005: ',' expected.
src/controllers/signup.ts(41,16): error TS1005: ':' expected.
src/controllers/signup.ts(41,20): error TS1005: ',' expected.
src/controllers/signup.ts(43,2): error TS1005: '}' expected.

Error: ⨯ Unable to compile TypeScript:
src/controllers/signup.ts(32,9): error TS2322: Type '{ message: string; errorInput: "password"[]; if(this: UserSignupErrorResponse): any; "": any; return: null; name: string; phone: string; email?: string | undefined; }' is not assignable to type 'UserSignupErrorResponse'.
  Object literal may only specify known properties, and 'if' does not exist in type 'UserSignupErrorResponse'.
src/controllers/signup.ts(32,51): error TS2345: Argument of type 'string | undefined' is not assignable to parameter of type 'string'.
  Type 'undefined' is not assignable to type 'string'.
src/controllers/signup.ts(32,9): error TS1005: ',' expected.
src/controllers/signup.ts(32,17): error TS1005: ',' expected.
src/controllers/signup.ts(32,62): error TS1005: ',' expected.
src/controllers/signup.ts(32,71): error TS1005: ':' expected.
src/controllers/signup.ts(41,9): error TS1005: ',' expected.
src/controllers/signup.ts(41,16): error TS1005: ':' expected.
src/controllers/signup.ts(41,20): error TS1005: ',' expected.
src/controllers/signup.ts(43,2): error TS1005: '}' expected.

    at Object.<anonymous> (/home/codad5/workspace/node/fd/src/controllers/signup.ts:1:7)
    at Module._compile (node:internal/modules/cjs/loader:1246:14)
    at Module._compile (/home/codad5/workspace/node/fd/node_modules/source-map-support/source-map-support.js:521:25)
    at Module.m._compile (/tmp/ts-node-dev-hook-6513432483578017.js:69:33)
    at Module._extensions..js (node:internal/modules/cjs/loader:1300:10)
    at require.extensions..jsx.require.extensions..js (/tmp/ts-node-dev-hook-6513432483578017.js:114:20)
    at require.extensions.<computed> (/tmp/ts-node-dev-hook-6513432483578017.js:71:20)
    at Object.nodeDevHook [as .ts] (/home/codad5/workspace/node/fd/node_modules/ts-node-dev/lib/hook.js:63:13)
    at Module.load (node:internal/modules/cjs/loader:1103:32)
    at Function.Module._load (node:internal/modules/cjs/loader:942:12)
2023-03-03 15:11:51 error: uncaughtException: write EPIPE
Error: write EPIPE
    at process.target._send (node:internal/child_process:872:20)
    at process.target.send (node:internal/child_process:745:19)
    at Object.exports.send (/home/codad5/workspace/node/fd/node_modules/ts-node-dev/lib/ipc.js:17:14)
    at /home/codad5/workspace/node/fd/node_modules/ts-node-dev/lib/wrap.js:88:9
    at Object.nodeDevHook [as .js] (/home/codad5/workspace/node/fd/node_modules/ts-node-dev/lib/hook.js:61:17)
    at Module.load (node:internal/modules/cjs/loader:1103:32)
    at Function.Module._load (node:internal/modules/cjs/loader:942:12)
    at Module.require (node:internal/modules/cjs/loader:1127:19)
    at require (node:internal/modules/helpers:112:18)
    at Object.<anonymous> (/home/codad5/workspace/node/fd/src/utils/Validator.ts:1:1)
2023-03-03 15:12:05 error: uncaughtException: ⨯ Unable to compile TypeScript:
src/controllers/signup.ts(32,71): error TS2739: Type '{ message: string; errorInput: signupFieldError[]; }' is missing the following properties from type 'UserSignupErrorResponse': name, phone

Error: ⨯ Unable to compile TypeScript:
src/controllers/signup.ts(32,71): error TS2739: Type '{ message: string; errorInput: signupFieldError[]; }' is missing the following properties from type 'UserSignupErrorResponse': name, phone

    at Object.<anonymous> (/home/codad5/workspace/node/fd/src/controllers/signup.ts:1:7)
    at Module._compile (node:internal/modules/cjs/loader:1246:14)
    at Module._compile (/home/codad5/workspace/node/fd/node_modules/source-map-support/source-map-support.js:521:25)
    at Module.m._compile (/tmp/ts-node-dev-hook-6513432483578017.js:69:33)
    at Module._extensions..js (node:internal/modules/cjs/loader:1300:10)
    at require.extensions..jsx.require.extensions..js (/tmp/ts-node-dev-hook-6513432483578017.js:114:20)
    at require.extensions.<computed> (/tmp/ts-node-dev-hook-6513432483578017.js:71:20)
    at Object.nodeDevHook [as .ts] (/home/codad5/workspace/node/fd/node_modules/ts-node-dev/lib/hook.js:63:13)
    at Module.load (node:internal/modules/cjs/loader:1103:32)
    at Function.Module._load (node:internal/modules/cjs/loader:942:12)
2023-03-03 15:13:10 error: uncaughtException: ⨯ Unable to compile TypeScript:
src/controllers/signup.ts(34,9): error TS1005: '(' expected.

Error: ⨯ Unable to compile TypeScript:
src/controllers/signup.ts(34,9): error TS1005: '(' expected.

    at Object.<anonymous> (/home/codad5/workspace/node/fd/src/controllers/signup.ts:1:7)
    at Module._compile (node:internal/modules/cjs/loader:1246:14)
    at Module._compile (/home/codad5/workspace/node/fd/node_modules/source-map-support/source-map-support.js:521:25)
    at Module.m._compile (/tmp/ts-node-dev-hook-6513432483578017.js:69:33)
    at Module._extensions..js (node:internal/modules/cjs/loader:1300:10)
    at require.extensions..jsx.require.extensions..js (/tmp/ts-node-dev-hook-6513432483578017.js:114:20)
    at require.extensions.<computed> (/tmp/ts-node-dev-hook-6513432483578017.js:71:20)
    at Object.nodeDevHook [as .ts] (/home/codad5/workspace/node/fd/node_modules/ts-node-dev/lib/hook.js:63:13)
    at Module.load (node:internal/modules/cjs/loader:1103:32)
    at Function.Module._load (node:internal/modules/cjs/loader:942:12)
2023-03-03 15:13:23 error: uncaughtException: ⨯ Unable to compile TypeScript:
src/controllers/signup.ts(33,23): error TS1003: Identifier expected.

Error: ⨯ Unable to compile TypeScript:
src/controllers/signup.ts(33,23): error TS1003: Identifier expected.

    at Object.<anonymous> (/home/codad5/workspace/node/fd/src/controllers/signup.ts:1:7)
    at Module._compile (node:internal/modules/cjs/loader:1246:14)
    at Module._compile (/home/codad5/workspace/node/fd/node_modules/source-map-support/source-map-support.js:521:25)
    at Module.m._compile (/tmp/ts-node-dev-hook-6513432483578017.js:69:33)
    at Module._extensions..js (node:internal/modules/cjs/loader:1300:10)
    at require.extensions..jsx.require.extensions..js (/tmp/ts-node-dev-hook-6513432483578017.js:114:20)
    at require.extensions.<computed> (/tmp/ts-node-dev-hook-6513432483578017.js:71:20)
    at Object.nodeDevHook [as .ts] (/home/codad5/workspace/node/fd/node_modules/ts-node-dev/lib/hook.js:63:13)
    at Module.load (node:internal/modules/cjs/loader:1103:32)
    at Function.Module._load (node:internal/modules/cjs/loader:942:12)
2023-03-03 15:13:38 error: uncaughtException: ⨯ Unable to compile TypeScript:
src/controllers/signup.ts(33,47): error TS1003: Identifier expected.

Error: ⨯ Unable to compile TypeScript:
src/controllers/signup.ts(33,47): error TS1003: Identifier expected.

    at Object.<anonymous> (/home/codad5/workspace/node/fd/src/controllers/signup.ts:1:7)
    at Module._compile (node:internal/modules/cjs/loader:1246:14)
    at Module._compile (/home/codad5/workspace/node/fd/node_modules/source-map-support/source-map-support.js:521:25)
    at Module.m._compile (/tmp/ts-node-dev-hook-6513432483578017.js:69:33)
    at Module._extensions..js (node:internal/modules/cjs/loader:1300:10)
    at require.extensions..jsx.require.extensions..js (/tmp/ts-node-dev-hook-6513432483578017.js:114:20)
    at require.extensions.<computed> (/tmp/ts-node-dev-hook-6513432483578017.js:71:20)
    at Object.nodeDevHook [as .ts] (/home/codad5/workspace/node/fd/node_modules/ts-node-dev/lib/hook.js:63:13)
    at Module.load (node:internal/modules/cjs/loader:1103:32)
    at Function.Module._load (node:internal/modules/cjs/loader:942:12)
2023-03-03 15:13:38 error: uncaughtException: write EPIPE
Error: write EPIPE
    at process.target._send (node:internal/child_process:872:20)
    at process.target.send (node:internal/child_process:745:19)
    at Object.exports.send (/home/codad5/workspace/node/fd/node_modules/ts-node-dev/lib/ipc.js:17:14)
    at process.<anonymous> (/home/codad5/workspace/node/fd/node_modules/ts-node-dev/lib/wrap.js:78:9)
    at process.emit (node:events:524:35)
    at process.emit (/home/codad5/workspace/node/fd/node_modules/source-map-support/source-map-support.js:465:21)
    at process._fatalException (node:internal/process/execution:159:25)
2023-03-03 15:22:30 error: uncaughtException: ⨯ Unable to compile TypeScript:
src/routes/user.ts(26,23): error TS2339: Property 'Cre' does not exist on type 'SignupController'.

Error: ⨯ Unable to compile TypeScript:
src/routes/user.ts(26,23): error TS2339: Property 'Cre' does not exist on type 'SignupController'.

    at Object.<anonymous> (/home/codad5/workspace/node/fd/src/routes/user.ts:1:7)
    at Module._compile (node:internal/modules/cjs/loader:1246:14)
    at Module._compile (/home/codad5/workspace/node/fd/node_modules/source-map-support/source-map-support.js:521:25)
    at Module.m._compile (/tmp/ts-node-dev-hook-6513432483578017.js:69:33)
    at Module._extensions..js (node:internal/modules/cjs/loader:1300:10)
    at require.extensions..jsx.require.extensions..js (/tmp/ts-node-dev-hook-6513432483578017.js:114:20)
    at require.extensions.<computed> (/tmp/ts-node-dev-hook-6513432483578017.js:71:20)
    at Object.nodeDevHook [as .ts] (/home/codad5/workspace/node/fd/node_modules/ts-node-dev/lib/hook.js:63:13)
    at Module.load (node:internal/modules/cjs/loader:1103:32)
    at Function.Module._load (node:internal/modules/cjs/loader:942:12)
2023-03-03 15:22:50 error: uncaughtException: ⨯ Unable to compile TypeScript:
src/routes/user.ts(26,23): error TS2339: Property 'create' does not exist on type 'SignupController'.

Error: ⨯ Unable to compile TypeScript:
src/routes/user.ts(26,23): error TS2339: Property 'create' does not exist on type 'SignupController'.

    at Object.<anonymous> (/home/codad5/workspace/node/fd/src/routes/user.ts:1:7)
    at Module._compile (node:internal/modules/cjs/loader:1246:14)
    at Module._compile (/home/codad5/workspace/node/fd/node_modules/source-map-support/source-map-support.js:521:25)
    at Module.m._compile (/tmp/ts-node-dev-hook-6513432483578017.js:69:33)
    at Module._extensions..js (node:internal/modules/cjs/loader:1300:10)
    at require.extensions..jsx.require.extensions..js (/tmp/ts-node-dev-hook-6513432483578017.js:114:20)
    at require.extensions.<computed> (/tmp/ts-node-dev-hook-6513432483578017.js:71:20)
    at Object.nodeDevHook [as .ts] (/home/codad5/workspace/node/fd/node_modules/ts-node-dev/lib/hook.js:63:13)
    at Module.load (node:internal/modules/cjs/loader:1103:32)
    at Function.Module._load (node:internal/modules/cjs/loader:942:12)
2023-03-03 15:55:35 error: uncaughtException: ⨯ Unable to compile TypeScript:
src/routes/user.ts(3,34): error TS2306: File '/home/codad5/workspace/node/fd/src/controllers/signup.ts' is not a module.

Error: ⨯ Unable to compile TypeScript:
src/routes/user.ts(3,34): error TS2306: File '/home/codad5/workspace/node/fd/src/controllers/signup.ts' is not a module.

    at Object.<anonymous> (/home/codad5/workspace/node/fd/src/routes/user.ts:1:7)
    at Module._compile (node:internal/modules/cjs/loader:1246:14)
    at Module._compile (/home/codad5/workspace/node/fd/node_modules/source-map-support/source-map-support.js:521:25)
    at Module.m._compile (/tmp/ts-node-dev-hook-4825596057110624.js:69:33)
    at Module._extensions..js (node:internal/modules/cjs/loader:1300:10)
    at require.extensions..jsx.require.extensions..js (/tmp/ts-node-dev-hook-4825596057110624.js:114:20)
    at require.extensions.<computed> (/tmp/ts-node-dev-hook-4825596057110624.js:71:20)
    at Object.nodeDevHook [as .ts] (/home/codad5/workspace/node/fd/node_modules/ts-node-dev/lib/hook.js:63:13)
    at Module.load (node:internal/modules/cjs/loader:1103:32)
    at Function.Module._load (node:internal/modules/cjs/loader:942:12)
2023-03-03 15:56:20 error: uncaughtException: ⨯ Unable to compile TypeScript:
src/controllers/usersignup.ts(6,6): error TS1123: Variable declaration list cannot be empty.

Error: ⨯ Unable to compile TypeScript:
src/controllers/usersignup.ts(6,6): error TS1123: Variable declaration list cannot be empty.

    at Object.<anonymous> (/home/codad5/workspace/node/fd/src/controllers/usersignup.ts:1:7)
    at Module._compile (node:internal/modules/cjs/loader:1246:14)
    at Module._compile (/home/codad5/workspace/node/fd/node_modules/source-map-support/source-map-support.js:521:25)
    at Module.m._compile (/tmp/ts-node-dev-hook-4825596057110624.js:69:33)
    at Module._extensions..js (node:internal/modules/cjs/loader:1300:10)
    at require.extensions..jsx.require.extensions..js (/tmp/ts-node-dev-hook-4825596057110624.js:114:20)
    at require.extensions.<computed> (/tmp/ts-node-dev-hook-4825596057110624.js:71:20)
    at Object.nodeDevHook [as .ts] (/home/codad5/workspace/node/fd/node_modules/ts-node-dev/lib/hook.js:63:13)
    at Module.load (node:internal/modules/cjs/loader:1103:32)
    at Function.Module._load (node:internal/modules/cjs/loader:942:12)
2023-03-03 15:56:35 error: uncaughtException: ⨯ Unable to compile TypeScript:
src/controllers/usersignup.ts(6,23): error TS2552: Cannot find name 'UserModel'. Did you mean 'userModel'?

Error: ⨯ Unable to compile TypeScript:
src/controllers/usersignup.ts(6,23): error TS2552: Cannot find name 'UserModel'. Did you mean 'userModel'?

    at Object.<anonymous> (/home/codad5/workspace/node/fd/src/controllers/usersignup.ts:1:7)
    at Module._compile (node:internal/modules/cjs/loader:1246:14)
    at Module._compile (/home/codad5/workspace/node/fd/node_modules/source-map-support/source-map-support.js:521:25)
    at Module.m._compile (/tmp/ts-node-dev-hook-4825596057110624.js:69:33)
    at Module._extensions..js (node:internal/modules/cjs/loader:1300:10)
    at require.extensions..jsx.require.extensions..js (/tmp/ts-node-dev-hook-4825596057110624.js:114:20)
    at require.extensions.<computed> (/tmp/ts-node-dev-hook-4825596057110624.js:71:20)
    at Object.nodeDevHook [as .ts] (/home/codad5/workspace/node/fd/node_modules/ts-node-dev/lib/hook.js:63:13)
    at Module.load (node:internal/modules/cjs/loader:1103:32)
    at Function.Module._load (node:internal/modules/cjs/loader:942:12)
2023-03-03 15:56:45 error: uncaughtException: ⨯ Unable to compile TypeScript:
src/models/user.ts(27,11): error TS2393: Duplicate function implementation.
src/models/user.ts(33,11): error TS2393: Duplicate function implementation.

Error: ⨯ Unable to compile TypeScript:
src/models/user.ts(27,11): error TS2393: Duplicate function implementation.
src/models/user.ts(33,11): error TS2393: Duplicate function implementation.

    at Object.<anonymous> (/home/codad5/workspace/node/fd/src/models/user.ts:1:7)
    at Module._compile (node:internal/modules/cjs/loader:1246:14)
    at Module._compile (/home/codad5/workspace/node/fd/node_modules/source-map-support/source-map-support.js:521:25)
    at Module.m._compile (/tmp/ts-node-dev-hook-4825596057110624.js:69:33)
    at Module._extensions..js (node:internal/modules/cjs/loader:1300:10)
    at require.extensions..jsx.require.extensions..js (/tmp/ts-node-dev-hook-4825596057110624.js:114:20)
    at require.extensions.<computed> (/tmp/ts-node-dev-hook-4825596057110624.js:71:20)
    at Object.nodeDevHook [as .ts] (/home/codad5/workspace/node/fd/node_modules/ts-node-dev/lib/hook.js:63:13)
    at Module.load (node:internal/modules/cjs/loader:1103:32)
    at Function.Module._load (node:internal/modules/cjs/loader:942:12)
2023-03-03 15:57:32 error: uncaughtException: ⨯ Unable to compile TypeScript:
src/controllers/usersignup.ts(52,5): error TS7008: Member 'async' implicitly has an 'any' type.

Error: ⨯ Unable to compile TypeScript:
src/controllers/usersignup.ts(52,5): error TS7008: Member 'async' implicitly has an 'any' type.

    at Object.<anonymous> (/home/codad5/workspace/node/fd/src/controllers/usersignup.ts:1:7)
    at Module._compile (node:internal/modules/cjs/loader:1246:14)
    at Module._compile (/home/codad5/workspace/node/fd/node_modules/source-map-support/source-map-support.js:521:25)
    at Module.m._compile (/tmp/ts-node-dev-hook-4825596057110624.js:69:33)
    at Module._extensions..js (node:internal/modules/cjs/loader:1300:10)
    at require.extensions..jsx.require.extensions..js (/tmp/ts-node-dev-hook-4825596057110624.js:114:20)
    at require.extensions.<computed> (/tmp/ts-node-dev-hook-4825596057110624.js:71:20)
    at Object.nodeDevHook [as .ts] (/home/codad5/workspace/node/fd/node_modules/ts-node-dev/lib/hook.js:63:13)
    at Module.load (node:internal/modules/cjs/loader:1103:32)
    at Function.Module._load (node:internal/modules/cjs/loader:942:12)
2023-03-03 15:57:32 error: uncaughtException: write EPIPE
Error: write EPIPE
    at process.target._send (node:internal/child_process:872:20)
    at process.target.send (node:internal/child_process:745:19)
    at Object.exports.send (/home/codad5/workspace/node/fd/node_modules/ts-node-dev/lib/ipc.js:17:14)
    at process.<anonymous> (/home/codad5/workspace/node/fd/node_modules/ts-node-dev/lib/wrap.js:78:9)
    at process.emit (node:events:524:35)
    at process.emit (/home/codad5/workspace/node/fd/node_modules/source-map-support/source-map-support.js:465:21)
    at process._fatalException (node:internal/process/execution:159:25)
2023-03-03 15:57:36 error: uncaughtException: ⨯ Unable to compile TypeScript:
src/models/user.ts(27,11): error TS2393: Duplicate function implementation.
src/models/user.ts(33,11): error TS2393: Duplicate function implementation.

Error: ⨯ Unable to compile TypeScript:
src/models/user.ts(27,11): error TS2393: Duplicate function implementation.
src/models/user.ts(33,11): error TS2393: Duplicate function implementation.

    at Object.<anonymous> (/home/codad5/workspace/node/fd/src/models/user.ts:1:7)
    at Module._compile (node:internal/modules/cjs/loader:1246:14)
    at Module._compile (/home/codad5/workspace/node/fd/node_modules/source-map-support/source-map-support.js:521:25)
    at Module.m._compile (/tmp/ts-node-dev-hook-4825596057110624.js:69:33)
    at Module._extensions..js (node:internal/modules/cjs/loader:1300:10)
    at require.extensions..jsx.require.extensions..js (/tmp/ts-node-dev-hook-4825596057110624.js:114:20)
    at require.extensions.<computed> (/tmp/ts-node-dev-hook-4825596057110624.js:71:20)
    at Object.nodeDevHook [as .ts] (/home/codad5/workspace/node/fd/node_modules/ts-node-dev/lib/hook.js:63:13)
    at Module.load (node:internal/modules/cjs/loader:1103:32)
    at Function.Module._load (node:internal/modules/cjs/loader:942:12)
2023-03-03 15:57:45 error: uncaughtException: ⨯ Unable to compile TypeScript:
src/controllers/usersignup.ts(55,18): error TS1109: Expression expected.
src/controllers/usersignup.ts(56,5): error TS1109: Expression expected.

Error: ⨯ Unable to compile TypeScript:
src/controllers/usersignup.ts(55,18): error TS1109: Expression expected.
src/controllers/usersignup.ts(56,5): error TS1109: Expression expected.

    at Object.<anonymous> (/home/codad5/workspace/node/fd/src/controllers/usersignup.ts:1:7)
    at Module._compile (node:internal/modules/cjs/loader:1246:14)
    at Module._compile (/home/codad5/workspace/node/fd/node_modules/source-map-support/source-map-support.js:521:25)
    at Module.m._compile (/tmp/ts-node-dev-hook-4825596057110624.js:69:33)
    at Module._extensions..js (node:internal/modules/cjs/loader:1300:10)
    at require.extensions..jsx.require.extensions..js (/tmp/ts-node-dev-hook-4825596057110624.js:114:20)
    at require.extensions.<computed> (/tmp/ts-node-dev-hook-4825596057110624.js:71:20)
    at Object.nodeDevHook [as .ts] (/home/codad5/workspace/node/fd/node_modules/ts-node-dev/lib/hook.js:63:13)
    at Module.load (node:internal/modules/cjs/loader:1103:32)
    at Function.Module._load (node:internal/modules/cjs/loader:942:12)
2023-03-03 15:57:58 error: uncaughtException: ⨯ Unable to compile TypeScript:
src/controllers/usersignup.ts(55,28): error TS2339: Property 'ge' does not exist on type 'typeof UserModel'.
src/controllers/usersignup.ts(56,5): error TS1109: Expression expected.

Error: ⨯ Unable to compile TypeScript:
src/controllers/usersignup.ts(55,28): error TS2339: Property 'ge' does not exist on type 'typeof UserModel'.
src/controllers/usersignup.ts(56,5): error TS1109: Expression expected.

    at Object.<anonymous> (/home/codad5/workspace/node/fd/src/controllers/usersignup.ts:1:7)
    at Module._compile (node:internal/modules/cjs/loader:1246:14)
    at Module._compile (/home/codad5/workspace/node/fd/node_modules/source-map-support/source-map-support.js:521:25)
    at Module.m._compile (/tmp/ts-node-dev-hook-4825596057110624.js:69:33)
    at Module._extensions..js (node:internal/modules/cjs/loader:1300:10)
    at require.extensions..jsx.require.extensions..js (/tmp/ts-node-dev-hook-4825596057110624.js:114:20)
    at require.extensions.<computed> (/tmp/ts-node-dev-hook-4825596057110624.js:71:20)
    at Object.nodeDevHook [as .ts] (/home/codad5/workspace/node/fd/node_modules/ts-node-dev/lib/hook.js:63:13)
    at Module.load (node:internal/modules/cjs/loader:1103:32)
    at Function.Module._load (node:internal/modules/cjs/loader:942:12)
2023-03-03 15:58:20 error: uncaughtException: ⨯ Unable to compile TypeScript:
src/controllers/usersignup.ts(55,28): error TS2339: Property 'findByPhone' does not exist on type 'typeof UserModel'.
src/controllers/usersignup.ts(56,5): error TS1109: Expression expected.

Error: ⨯ Unable to compile TypeScript:
src/controllers/usersignup.ts(55,28): error TS2339: Property 'findByPhone' does not exist on type 'typeof UserModel'.
src/controllers/usersignup.ts(56,5): error TS1109: Expression expected.

    at Object.<anonymous> (/home/codad5/workspace/node/fd/src/controllers/usersignup.ts:1:7)
    at Module._compile (node:internal/modules/cjs/loader:1246:14)
    at Module._compile (/home/codad5/workspace/node/fd/node_modules/source-map-support/source-map-support.js:521:25)
    at Module.m._compile (/tmp/ts-node-dev-hook-4825596057110624.js:69:33)
    at Module._extensions..js (node:internal/modules/cjs/loader:1300:10)
    at require.extensions..jsx.require.extensions..js (/tmp/ts-node-dev-hook-4825596057110624.js:114:20)
    at require.extensions.<computed> (/tmp/ts-node-dev-hook-4825596057110624.js:71:20)
    at Object.nodeDevHook [as .ts] (/home/codad5/workspace/node/fd/node_modules/ts-node-dev/lib/hook.js:63:13)
    at Module.load (node:internal/modules/cjs/loader:1103:32)
    at Function.Module._load (node:internal/modules/cjs/loader:942:12)
2023-03-03 15:58:40 error: uncaughtException: ⨯ Unable to compile TypeScript:
src/controllers/usersignup.ts(55,29): error TS2339: Property 'getUserByPhone' does not exist on type 'typeof UserModel'.
src/controllers/usersignup.ts(56,5): error TS1109: Expression expected.

Error: ⨯ Unable to compile TypeScript:
src/controllers/usersignup.ts(55,29): error TS2339: Property 'getUserByPhone' does not exist on type 'typeof UserModel'.
src/controllers/usersignup.ts(56,5): error TS1109: Expression expected.

    at Object.<anonymous> (/home/codad5/workspace/node/fd/src/controllers/usersignup.ts:1:7)
    at Module._compile (node:internal/modules/cjs/loader:1246:14)
    at Module._compile (/home/codad5/workspace/node/fd/node_modules/source-map-support/source-map-support.js:521:25)
    at Module.m._compile (/tmp/ts-node-dev-hook-4825596057110624.js:69:33)
    at Module._extensions..js (node:internal/modules/cjs/loader:1300:10)
    at require.extensions..jsx.require.extensions..js (/tmp/ts-node-dev-hook-4825596057110624.js:114:20)
    at require.extensions.<computed> (/tmp/ts-node-dev-hook-4825596057110624.js:71:20)
    at Object.nodeDevHook [as .ts] (/home/codad5/workspace/node/fd/node_modules/ts-node-dev/lib/hook.js:63:13)
    at Module.load (node:internal/modules/cjs/loader:1103:32)
    at Function.Module._load (node:internal/modules/cjs/loader:942:12)
2023-03-03 15:59:46 error: uncaughtException: ⨯ Unable to compile TypeScript:
src/controllers/usersignup.ts(55,29): error TS2339: Property 'getUserByPhone' does not exist on type 'typeof UserModel'.
src/controllers/usersignup.ts(56,5): error TS1109: Expression expected.

Error: ⨯ Unable to compile TypeScript:
src/controllers/usersignup.ts(55,29): error TS2339: Property 'getUserByPhone' does not exist on type 'typeof UserModel'.
src/controllers/usersignup.ts(56,5): error TS1109: Expression expected.

    at Object.<anonymous> (/home/codad5/workspace/node/fd/src/controllers/usersignup.ts:1:7)
    at Module._compile (node:internal/modules/cjs/loader:1246:14)
    at Module._compile (/home/codad5/workspace/node/fd/node_modules/source-map-support/source-map-support.js:521:25)
    at Module.m._compile (/tmp/ts-node-dev-hook-4825596057110624.js:69:33)
    at Module._extensions..js (node:internal/modules/cjs/loader:1300:10)
    at require.extensions..jsx.require.extensions..js (/tmp/ts-node-dev-hook-4825596057110624.js:114:20)
    at require.extensions.<computed> (/tmp/ts-node-dev-hook-4825596057110624.js:71:20)
    at Object.nodeDevHook [as .ts] (/home/codad5/workspace/node/fd/node_modules/ts-node-dev/lib/hook.js:63:13)
    at Module.load (node:internal/modules/cjs/loader:1103:32)
    at Function.Module._load (node:internal/modules/cjs/loader:942:12)
2023-03-03 16:00:22 error: uncaughtException: ⨯ Unable to compile TypeScript:
src/controllers/usersignup.ts(56,24): error TS2551: Property 'UserModel' does not exist on type 'UserSignupController'. Did you mean 'userModel'?
src/controllers/usersignup.ts(57,5): error TS1109: Expression expected.

Error: ⨯ Unable to compile TypeScript:
src/controllers/usersignup.ts(56,24): error TS2551: Property 'UserModel' does not exist on type 'UserSignupController'. Did you mean 'userModel'?
src/controllers/usersignup.ts(57,5): error TS1109: Expression expected.

    at Object.<anonymous> (/home/codad5/workspace/node/fd/src/controllers/usersignup.ts:1:7)
    at Module._compile (node:internal/modules/cjs/loader:1246:14)
    at Module._compile (/home/codad5/workspace/node/fd/node_modules/source-map-support/source-map-support.js:521:25)
    at Module.m._compile (/tmp/ts-node-dev-hook-4825596057110624.js:69:33)
    at Module._extensions..js (node:internal/modules/cjs/loader:1300:10)
    at require.extensions..jsx.require.extensions..js (/tmp/ts-node-dev-hook-4825596057110624.js:114:20)
    at require.extensions.<computed> (/tmp/ts-node-dev-hook-4825596057110624.js:71:20)
    at Object.nodeDevHook [as .ts] (/home/codad5/workspace/node/fd/node_modules/ts-node-dev/lib/hook.js:63:13)
    at Module.load (node:internal/modules/cjs/loader:1103:32)
    at Function.Module._load (node:internal/modules/cjs/loader:942:12)
2023-03-03 16:00:41 error: uncaughtException: ⨯ Unable to compile TypeScript:
src/controllers/usersignup.ts(56,49): error TS2345: Argument of type 'string | undefined' is not assignable to parameter of type 'string'.
  Type 'undefined' is not assignable to type 'string'.
src/controllers/usersignup.ts(57,5): error TS1109: Expression expected.

Error: ⨯ Unable to compile TypeScript:
src/controllers/usersignup.ts(56,49): error TS2345: Argument of type 'string | undefined' is not assignable to parameter of type 'string'.
  Type 'undefined' is not assignable to type 'string'.
src/controllers/usersignup.ts(57,5): error TS1109: Expression expected.

    at Object.<anonymous> (/home/codad5/workspace/node/fd/src/controllers/usersignup.ts:1:7)
    at Module._compile (node:internal/modules/cjs/loader:1246:14)
    at Module._compile (/home/codad5/workspace/node/fd/node_modules/source-map-support/source-map-support.js:521:25)
    at Module.m._compile (/tmp/ts-node-dev-hook-4825596057110624.js:69:33)
    at Module._extensions..js (node:internal/modules/cjs/loader:1300:10)
    at require.extensions..jsx.require.extensions..js (/tmp/ts-node-dev-hook-4825596057110624.js:114:20)
    at require.extensions.<computed> (/tmp/ts-node-dev-hook-4825596057110624.js:71:20)
    at Object.nodeDevHook [as .ts] (/home/codad5/workspace/node/fd/node_modules/ts-node-dev/lib/hook.js:63:13)
    at Module.load (node:internal/modules/cjs/loader:1103:32)
    at Function.Module._load (node:internal/modules/cjs/loader:942:12)
2023-03-03 17:37:02 error: uncaughtException: ⨯ Unable to compile TypeScript:
src/services/redis.ts(3,1): error TS1005: '=' expected.

Error: ⨯ Unable to compile TypeScript:
src/services/redis.ts(3,1): error TS1005: '=' expected.

    at Object.<anonymous> (/home/codad5/workspace/node/fd/src/services/redis.ts:1:7)
    at Module._compile (node:internal/modules/cjs/loader:1246:14)
    at Module._compile (/home/codad5/workspace/node/fd/node_modules/source-map-support/source-map-support.js:521:25)
    at Module.m._compile (/tmp/ts-node-dev-hook-37148514322230586.js:69:33)
    at Module._extensions..js (node:internal/modules/cjs/loader:1300:10)
    at require.extensions..jsx.require.extensions..js (/tmp/ts-node-dev-hook-37148514322230586.js:114:20)
    at require.extensions.<computed> (/tmp/ts-node-dev-hook-37148514322230586.js:71:20)
    at Object.nodeDevHook [as .ts] (/home/codad5/workspace/node/fd/node_modules/ts-node-dev/lib/hook.js:63:13)
    at Module.load (node:internal/modules/cjs/loader:1103:32)
    at Function.Module._load (node:internal/modules/cjs/loader:942:12)
2023-03-03 17:44:10 error: uncaughtException: ⨯ Unable to compile TypeScript:
src/services/redis.ts(6,21): error TS2769: No overload matches this call.
  Overload 1 of 8, '(options: RedisOptions): Redis', gave the following error.
    Argument of type '{ host: string | undefined; port: number; password: string | undefined; ttls: { minVersion: string; }; }' is not assignable to parameter of type 'RedisOptions'.
      Object literal may only specify known properties, but 'ttls' does not exist in type 'RedisOptions'. Did you mean to write 'tls'?
  Overload 2 of 8, '(port: number): Redis', gave the following error.
    Argument of type '{ host: string | undefined; port: number; password: string | undefined; ttls: { minVersion: string; }; }' is not assignable to parameter of type 'number'.
  Overload 3 of 8, '(path: string): Redis', gave the following error.
    Argument of type '{ host: string | undefined; port: number; password: string | undefined; ttls: { minVersion: string; }; }' is not assignable to parameter of type 'string'.

Error: ⨯ Unable to compile TypeScript:
src/services/redis.ts(6,21): error TS2769: No overload matches this call.
  Overload 1 of 8, '(options: RedisOptions): Redis', gave the following error.
    Argument of type '{ host: string | undefined; port: number; password: string | undefined; ttls: { minVersion: string; }; }' is not assignable to parameter of type 'RedisOptions'.
      Object literal may only specify known properties, but 'ttls' does not exist in type 'RedisOptions'. Did you mean to write 'tls'?
  Overload 2 of 8, '(port: number): Redis', gave the following error.
    Argument of type '{ host: string | undefined; port: number; password: string | undefined; ttls: { minVersion: string; }; }' is not assignable to parameter of type 'number'.
  Overload 3 of 8, '(path: string): Redis', gave the following error.
    Argument of type '{ host: string | undefined; port: number; password: string | undefined; ttls: { minVersion: string; }; }' is not assignable to parameter of type 'string'.

    at Object.<anonymous> (/home/codad5/workspace/node/fd/src/services/redis.ts:1:7)
    at Module._compile (node:internal/modules/cjs/loader:1246:14)
    at Module._compile (/home/codad5/workspace/node/fd/node_modules/source-map-support/source-map-support.js:521:25)
    at Module.m._compile (/tmp/ts-node-dev-hook-5211491749432442.js:69:33)
    at Module._extensions..js (node:internal/modules/cjs/loader:1300:10)
    at require.extensions..jsx.require.extensions..js (/tmp/ts-node-dev-hook-5211491749432442.js:114:20)
    at require.extensions.<computed> (/tmp/ts-node-dev-hook-5211491749432442.js:71:20)
    at Object.nodeDevHook [as .ts] (/home/codad5/workspace/node/fd/node_modules/ts-node-dev/lib/hook.js:63:13)
    at Module.load (node:internal/modules/cjs/loader:1103:32)
    at Function.Module._load (node:internal/modules/cjs/loader:942:12)
